2018-06-21 22:02:50 +0000  Initial pipeline context: <IDEDistributionProcessingPipelineContext: 0x7fb9b843f580; archive(resolved)='<IDEArchive: 0x7fb9b8526b80>', distributionTask(resolved)='2', distributionMethod(resolved)='<IDEDistributionMethodiOSEnterprise: 0x7fb9b41d99c0>', team(resolved)='<IDEProvisioningBasicTeam: 0x7fb9b9540b70; teamID='P454TBZRS4', teamName='Executive Office of the President, Office of Administration'>'>
	Chain (11, self inclusive):
	<IDEDistributionProcessingPipelineContext: 0x7fb9b843f580; archive = '<IDEArchive: 0x7fb9b8526b80>', distributionMethod='<IDEDistributionMethodiOSEnterprise: 0x7fb9b41d99c0>', team='<IDEProvisioningBasicTeam: 0x7fb9b9540b70; teamID='P454TBZRS4', teamName='Executive Office of the President, Office of Administration'>'>
	<IDEDistributionProcessingPipelineContext: 0x7fb9b851f6d0; archive = '<IDEArchive: 0x7fb9b8526b80>', distributionMethod='<IDEDistributionMethodiOSEnterprise: 0x7fb9b41d99c0>', team='<IDEProvisioningBasicTeam: 0x7fb9b9540b70; teamID='P454TBZRS4', teamName='Executive Office of the President, Office of Administration'>'>
	<IDEDistributionContext: 0x7fb9b6cc39f0; archive = '<IDEArchive: 0x7fb9b8526b80>', distributionMethod='<IDEDistributionMethodiOSEnterprise: 0x7fb9b41d99c0>', team='<IDEProvisioningBasicTeam: 0x7fb9b9540b70; teamID='P454TBZRS4', teamName='Executive Office of the President, Office of Administration'>'>
	<IDEDistributionContext: 0x7fb9b83d17f0; archive = '<IDEArchive: 0x7fb9b8526b80>', distributionMethod='<IDEDistributionMethodiOSEnterprise: 0x7fb9b41d99c0>', team='<IDEProvisioningBasicTeam: 0x7fb9b9540b70; teamID='P454TBZRS4', teamName='Executive Office of the President, Office of Administration'>'>
	<IDEDistributionContext: 0x7fb9b6dc80e0; archive = '<IDEArchive: 0x7fb9b8526b80>', distributionMethod='<IDEDistributionMethodiOSEnterprise: 0x7fb9b41d99c0>', team='<IDEProvisioningBasicTeam: 0x7fb9b9540b70; teamID='P454TBZRS4', teamName='Executive Office of the President, Office of Administration'>'>
	<IDEDistributionContext: 0x7fb9b6d7e740; archive = '<IDEArchive: 0x7fb9b8526b80>', distributionMethod='<IDEDistributionMethodiOSEnterprise: 0x7fb9b41d99c0>', team='<IDEProvisioningBasicTeam: 0x7fb9b9540b70; teamID='P454TBZRS4', teamName='Executive Office of the President, Office of Administration'>'>
	<IDEDistributionContext: 0x7fb9b4b7e1b0; archive = '<IDEArchive: 0x7fb9b8526b80>', distributionMethod='<IDEDistributionMethodiOSEnterprise: 0x7fb9b41d99c0>', team='<IDEProvisioningBasicTeam: 0x7fb9b9540b70; teamID='P454TBZRS4', teamName='Executive Office of the President, Office of Administration'>'>
	<IDEDistributionContext: 0x7fb9b6cdd690; archive = '<IDEArchive: 0x7fb9b8526b80>', distributionMethod='<IDEDistributionMethodiOSEnterprise: 0x7fb9b41d99c0>', team='<IDEProvisioningBasicTeam: 0x7fb9b9540b70; teamID='P454TBZRS4', teamName='Executive Office of the President, Office of Administration'>'>
	<IDEDistributionContext: 0x7fb9b9541610; archive = '<IDEArchive: 0x7fb9b8526b80>', distributionMethod='<IDEDistributionMethodiOSEnterprise: 0x7fb9b41d99c0>', team='<IDEProvisioningBasicTeam: 0x7fb9b9540b70; teamID='P454TBZRS4', teamName='Executive Office of the President, Office of Administration'>'>
	<IDEDistributionContext: 0x7fb9b69f4e80; archive = '<IDEArchive: 0x7fb9b8526b80>', distributionMethod='<IDEDistributionMethodiOSEnterprise: 0x7fb9b41d99c0>', team='(null)'>
	<IDEDistributionContext: 0x7fb9b86e3880; archive = '<IDEArchive: 0x7fb9b8526b80>', distributionMethod='(null)', team='(null)'>
</IDEDistributionProcessingPipelineContext: 0x7fb9b843f580>
2018-06-21 22:02:50 +0000  Processing step: IDEDistributionCreateDestRootStep
2018-06-21 22:02:50 +0000  Processing step: IDEDistributionCopyItemStep
2018-06-21 22:02:50 +0000  Running /usr/bin/ditto '-V' '/Users/adamburstein/Library/Developer/Xcode/Archives/2018-06-21/Scenarios 6-21-18, 6.02 PM.xcarchive/Products/Applications/Scenarios.app' '/var/folders/c6/f8qlfv856gbfbssnc_n74ddh0000gn/T/XcodeDistPipeline.jPw/Root/Payload/Scenarios.app'
2018-06-21 22:02:50 +0000  >>> Copying /Users/adamburstein/Library/Developer/Xcode/Archives/2018-06-21/Scenarios 6-21-18, 6.02 PM.xcarchive/Products/Applications/Scenarios.app 
2018-06-21 22:02:50 +0000  copying file ./_CodeSignature/CodeResources ... 
2018-06-21 22:02:50 +0000  13539 bytes for ./_CodeSignature/CodeResources
2018-06-21 22:02:50 +0000  copying file ./WHMO AppIcon-04 GRAY 2x.png ... 
2018-06-21 22:02:50 +0000  12037 bytes for ./WHMO AppIcon-04 GRAY 2x.png
copying file ./PPRLogo_BlackGlobe.png ... 
2018-06-21 22:02:50 +0000  72604 bytes for ./PPRLogo_BlackGlobe.png
2018-06-21 22:02:50 +0000  copying file ./WHMO AppIcon Notification 58x58.png ... 
2018-06-21 22:02:50 +0000  6565 bytes for ./WHMO AppIcon Notification 58x58.png
copying file ./WHMO AppIcon-12 BLUEMONO 2x.png ... 
2018-06-21 22:02:50 +0000  5527 bytes for ./WHMO AppIcon-12 BLUEMONO 2x.png
copying file ./WHMO AppLaunch-05 BLUE 2x.png ... 
2018-06-21 22:02:50 +0000  94247 bytes for ./WHMO AppLaunch-05 BLUE 2x.png
copying file ./WHMO AppLaunch-01 GRAY 2x.png ... 
2018-06-21 22:02:50 +0000  97728 bytes for ./WHMO AppLaunch-01 GRAY 2x.png
copying file ./PPR_1242x2208_GrayBG_AppLaunch.png ... 
2018-06-21 22:02:50 +0000  38937 bytes for ./PPR_1242x2208_GrayBG_AppLaunch.png
2018-06-21 22:02:50 +0000  copying file ./AppIcon60x60@2x.png ... 
2018-06-21 22:02:50 +0000  19111 bytes for ./AppIcon60x60@2x.png
copying file ./WHMO AppIcon-08 BLUE 2x Spotlight.png ... 
2018-06-21 22:02:50 +0000  10461 bytes for ./WHMO AppIcon-08 BLUE 2x Spotlight.png
2018-06-21 22:02:50 +0000  copying file ./WHMO AppLaunch-06 BLUE 3x.png ... 
2018-06-21 22:02:50 +0000  189295 bytes for ./WHMO AppLaunch-06 BLUE 3x.png
2018-06-21 22:02:50 +0000  copying file ./WHMO AppLaunch-02 GRAY 3x.png ... 
2018-06-21 22:02:50 +0000  195031 bytes for ./WHMO AppLaunch-02 GRAY 3x.png
2018-06-21 22:02:50 +0000  copying file ./Base.lproj/Main.storyboardc/UINavigationController-Kk9-Um-M4D.nib ... 
2018-06-21 22:02:50 +0000  1763 bytes for ./Base.lproj/Main.storyboardc/UINavigationController-Kk9-Um-M4D.nib
2018-06-21 22:02:50 +0000  copying file ./Base.lproj/Main.storyboardc/BYZ-38-t0r-view-8bC-Xf-vdC.nib ... 
2018-06-21 22:02:50 +0000  1217 bytes for ./Base.lproj/Main.storyboardc/BYZ-38-t0r-view-8bC-Xf-vdC.nib
copying file ./Base.lproj/Main.storyboardc/Info.plist ... 
2018-06-21 22:02:50 +0000  276 bytes for ./Base.lproj/Main.storyboardc/Info.plist
2018-06-21 22:02:50 +0000  copying file ./Base.lproj/LaunchScreen.storyboardc/01J-lp-oVM-view-Ze5-6b-2t3.nib ... 
2018-06-21 22:02:50 +0000  1136 bytes for ./Base.lproj/LaunchScreen.storyboardc/01J-lp-oVM-view-Ze5-6b-2t3.nib
copying file ./Base.lproj/LaunchScreen.storyboardc/UIViewController-01J-lp-oVM.nib ... 
2018-06-21 22:02:50 +0000  832 bytes for ./Base.lproj/LaunchScreen.storyboardc/UIViewController-01J-lp-oVM.nib
copying file ./Base.lproj/LaunchScreen.storyboardc/Info.plist ... 
2018-06-21 22:02:50 +0000  258 bytes for ./Base.lproj/LaunchScreen.storyboardc/Info.plist
2018-06-21 22:02:50 +0000  copying file ./scenarioData.xml ... 
2018-06-21 22:02:50 +0000  13048 bytes for ./scenarioData.xml
2018-06-21 22:02:50 +0000  copying file ./WHMO AppLaunchIcon 1024.png ... 
2018-06-21 22:02:50 +0000  176786 bytes for ./WHMO AppLaunchIcon 1024.png
copying file ./linkIcon.png ... 
2018-06-21 22:02:50 +0000  504 bytes for ./linkIcon.png
2018-06-21 22:02:50 +0000  copying file ./Assets.car ... 
2018-06-21 22:02:50 +0000  288456 bytes for ./Assets.car
2018-06-21 22:02:50 +0000  copying file ./WHMO AppIcon-08 BLUE 2x.png ... 
2018-06-21 22:02:50 +0000  10461 bytes for ./WHMO AppIcon-08 BLUE 2x.png
copying file ./WHMO AppIcon-07 BLUE 87x87.png ... 
2018-06-21 22:02:50 +0000  12573 bytes for ./WHMO AppIcon-07 BLUE 87x87.png
copying file ./WHMO AppIcon-11 BLUEMONO 3x.png ... 
2018-06-21 22:02:50 +0000  9437 bytes for ./WHMO AppIcon-11 BLUEMONO 3x.png
copying file ./Scenarios ... 
2018-06-21 22:02:50 +0000  699776 bytes for ./Scenarios
2018-06-21 22:02:50 +0000  copying file ./PPR_750x1334_GrayBG_AppLaunch.png ... 
2018-06-21 22:02:50 +0000  21417 bytes for ./PPR_750x1334_GrayBG_AppLaunch.png
2018-06-21 22:02:50 +0000  copying file ./WHMO AppIcon-03 GRAY 3x.png ... 
2018-06-21 22:02:50 +0000  20713 bytes for ./WHMO AppIcon-03 GRAY 3x.png
copying file ./WHMO AppIcon-07 BLUE 3x.png ... 
2018-06-21 22:02:50 +0000  34416 bytes for ./WHMO AppIcon-07 BLUE 3x.png
copying file ./WHMO AppIcon Notification 3x.png ... 
2018-06-21 22:02:50 +0000  6558 bytes for ./WHMO AppIcon Notification 3x.png
copying file ./fileIcon.png ... 
2018-06-21 22:02:50 +0000  446 bytes for ./fileIcon.png
2018-06-21 22:02:50 +0000  copying file ./embedded.mobileprovision ... 
2018-06-21 22:02:50 +0000  8447 bytes for ./embedded.mobileprovision
copying file ./WHMO AppLaunch-09 BLUEMONO 2x.png ... 
2018-06-21 22:02:50 +0000  48285 bytes for ./WHMO AppLaunch-09 BLUEMONO 2x.png
copying file ./WHMO AppIcon Notification 2x.png ... 
2018-06-21 22:02:50 +0000  3437 bytes for ./WHMO AppIcon Notification 2x.png
copying file ./SettingsViewController.nib ... 
2018-06-21 22:02:50 +0000  4475 bytes for ./SettingsViewController.nib
2018-06-21 22:02:50 +0000  copying file ./WHMO AppLaunch-10 BLUEMONO 3x.png ... 
2018-06-21 22:02:50 +0000  96442 bytes for ./WHMO AppLaunch-10 BLUEMONO 3x.png
copying file ./Info.plist ... 
2018-06-21 22:02:50 +0000  1266 bytes for ./Info.plist
copying file ./MapViewController.nib ... 
2018-06-21 22:02:50 +0000  1695 bytes for ./MapViewController.nib
2018-06-21 22:02:50 +0000  copying file ./PkgInfo ... 
2018-06-21 22:02:50 +0000  8 bytes for ./PkgInfo
2018-06-21 22:02:50 +0000  
2018-06-21 22:02:50 +0000  2018-06-21 22:02:50 +0000  /usr/bin/ditto exited with 0
2018-06-21 22:02:50 +0000  

2018-06-21 22:02:50 +0000  Processing step: IDEDistributionEmbedProfileStep
2018-06-21 22:02:50 +0000  Processing step: IDEDistributionAppThinningPlistStep
2018-06-21 22:02:50 +0000  Skipping step: IDEDistributionAppThinningPlistStep because it said so
2018-06-21 22:02:50 +0000  Processing step: IDEDistributionCompileBitcodeStep
2018-06-21 22:02:50 +0000  Running /Applications/Xcode.app/Contents/Developer/usr/bin/ipatool '/var/folders/c6/f8qlfv856gbfbssnc_n74ddh0000gn/T/XcodeDistPipeline.jPw/Root' '--json' '/var/folders/c6/f8qlfv856gbfbssnc_n74ddh0000gn/T/ipatool-json-filepath-fBOCgH' '--compile-bitcode' '--output' '/var/folders/c6/f8qlfv856gbfbssnc_n74ddh0000gn/T/IDEIPAProcessor.AppThinning.xle' '--toolchain' '/Applications/Xcode.app/Contents/Developer/Toolchains/XcodeDefault.xctoolchain/usr' '--platforms' '/Applications/Xcode.app/Contents/Developer/Platforms'
2018-06-21 22:02:50 +0000  ruby 2.3.3p222 (2016-11-21 revision 56859) [universal.x86_64-darwin17]
2018-06-21 22:02:50 +0000  /System/Library/Frameworks/Ruby.framework/Versions/2.3/usr/lib/ruby/gems/2.3.0/gems/CFPropertyList-2.2.8/lib/cfpropertylist/rbCFPropertyList.rb:98: warning: assigned but unused variable - temp
/System/Library/Frameworks/Ruby.framework/Versions/2.3/usr/lib/ruby/gems/2.3.0/gems/CFPropertyList-2.2.8/lib/cfpropertylist/rbCFPropertyList.rb:109: warning: assigned but unused variable - e
2018-06-21 22:02:50 +0000  /System/Library/Frameworks/Ruby.framework/Versions/2.3/usr/lib/ruby/gems/2.3.0/gems/libxml-ruby-2.9.0/lib/libxml/schema/type.rb:8: warning: method redefined; discarding old annotation
2018-06-21 22:02:50 +0000  /System/Library/Frameworks/Ruby.framework/Versions/2.3/usr/lib/ruby/gems/2.3.0/gems/libxml-ruby-2.9.0/lib/libxml/schema/element.rb:18: warning: method redefined; discarding old annotation
2018-06-21 22:02:50 +0000  OS X 10.13.5 17F77
2018-06-21 22:02:50 +0000  ENV: {"PATH"=>"/Applications/Xcode.app/Contents/Developer/Toolchains/XcodeDefault.xctoolchain/usr/bin:/Applications/Xcode.app/Contents/Developer/Toolchains/XcodeDefault.xctoolchain/usr/local/bin:/Applications/Xcode.app/Contents/Developer/Toolchains/XcodeDefault.xctoolchain/usr/libexec:/Applications/Xcode.app/Contents/Developer/usr/bin:/Applications/Xcode.app/Contents/Developer/usr/local/bin:/Applications/Xcode.app/Contents/Developer/Tools:/usr/bin:/bin:/usr/sbin:/sbin", "MallocNanoZone"=>"0", "TMPDIR"=>"/var/folders/c6/f8qlfv856gbfbssnc_n74ddh0000gn/T/", "LOGNAME"=>"adamburstein", "XPC_FLAGS"=>"0x0", "HOME"=>"/Users/adamburstein", "Apple_PubSub_Socket_Render"=>"/private/tmp/com.apple.launchd.Dd0Myv4fSq/Render", "USER"=>"adamburstein", "SSH_AUTH_SOCK"=>"/private/tmp/com.apple.launchd.zTyq9AYMuN/Listeners", "XPC_SERVICE_NAME"=>"com.apple.dt.Xcode.16692", "SHELL"=>"/bin/bash", "__CF_USER_TEXT_ENCODING"=>"0x1F5:0x0:0x0", "CA_DEBUG_TRANSACTIONS"=>"1"}
ARGV: ["/var/folders/c6/f8qlfv856gbfbssnc_n74ddh0000gn/T/XcodeDistPipeline.jPw/Root", "--json", "/var/folders/c6/f8qlfv856gbfbssnc_n74ddh0000gn/T/ipatool-json-filepath-fBOCgH", "--compile-bitcode", "--output", "/var/folders/c6/f8qlfv856gbfbssnc_n74ddh0000gn/T/IDEIPAProcessor.AppThinning.xle", "--toolchain", "/Applications/Xcode.app/Contents/Developer/Toolchains/XcodeDefault.xctoolchain/usr", "--platforms", "/Applications/Xcode.app/Contents/Developer/Platforms"]
2018-06-21 22:02:50 +0000  warning: Configuration issue: platform AppleTVSimulator.platform doesn't have any non-simulator SDKs; ignoring it
2018-06-21 22:02:50 +0000  warning: Configuration issue: platform WatchSimulator.platform doesn't have any non-simulator SDKs; ignoring it
2018-06-21 22:02:50 +0000  warning: Configuration issue: platform iPhoneSimulator.platform doesn't have any non-simulator SDKs; ignoring it
2018-06-21 22:02:50 +0000  Scanning IPA...
2018-06-21 22:02:50 +0000  /usr/bin/file -b -- /var/folders/c6/f8qlfv856gbfbssnc_n74ddh0000gn/T/XcodeDistPipeline.jPw/Root/Payload/Scenarios.app/AppIcon60x60@2x.png
2018-06-21 22:02:50 +0000      /usr/bin/file exited with pid 17075 exit 0
    Stdout:
        PNG image data, 1342185474 x 735425407, 0-bit grayscale,
    
    Stderr:
2018-06-21 22:02:50 +0000  /usr/bin/file -b -- /var/folders/c6/f8qlfv856gbfbssnc_n74ddh0000gn/T/XcodeDistPipeline.jPw/Root/Payload/Scenarios.app/Assets.car
2018-06-21 22:02:50 +0000      /usr/bin/file exited with pid 17076 exit 0
    Stdout:
        Mac OS X bill of materials (BOM) file
    
    Stderr:
2018-06-21 22:02:50 +0000  /usr/bin/file -b -- /var/folders/c6/f8qlfv856gbfbssnc_n74ddh0000gn/T/XcodeDistPipeline.jPw/Root/Payload/Scenarios.app/Base.lproj/LaunchScreen.storyboardc/01J-lp-oVM-view-Ze5-6b-2t3.nib
2018-06-21 22:02:50 +0000      /usr/bin/file exited with pid 17078 exit 0
    Stdout:
        data
    
    Stderr:
2018-06-21 22:02:50 +0000  /usr/bin/file -b -- /var/folders/c6/f8qlfv856gbfbssnc_n74ddh0000gn/T/XcodeDistPipeline.jPw/Root/Payload/Scenarios.app/Base.lproj/LaunchScreen.storyboardc/Info.plist
2018-06-21 22:02:50 +0000      /usr/bin/file exited with pid 17079 exit 0
    Stdout:
        Apple binary property list
    
    Stderr:
2018-06-21 22:02:50 +0000  /usr/bin/file -b -- /var/folders/c6/f8qlfv856gbfbssnc_n74ddh0000gn/T/XcodeDistPipeline.jPw/Root/Payload/Scenarios.app/Base.lproj/LaunchScreen.storyboardc/UIViewController-01J-lp-oVM.nib
2018-06-21 22:02:50 +0000      /usr/bin/file exited with pid 17080 exit 0
    Stdout:
        data
    
    Stderr:
2018-06-21 22:02:50 +0000  /usr/bin/file -b -- /var/folders/c6/f8qlfv856gbfbssnc_n74ddh0000gn/T/XcodeDistPipeline.jPw/Root/Payload/Scenarios.app/Base.lproj/Main.storyboardc/BYZ-38-t0r-view-8bC-Xf-vdC.nib
2018-06-21 22:02:50 +0000      /usr/bin/file exited with pid 17082 exit 0
    Stdout:
        data
    
    Stderr:
2018-06-21 22:02:50 +0000  /usr/bin/file -b -- /var/folders/c6/f8qlfv856gbfbssnc_n74ddh0000gn/T/XcodeDistPipeline.jPw/Root/Payload/Scenarios.app/Base.lproj/Main.storyboardc/Info.plist
2018-06-21 22:02:50 +0000      /usr/bin/file exited with pid 17083 exit 0
    Stdout:
        Apple binary property list
    
    Stderr:
2018-06-21 22:02:50 +0000  /usr/bin/file -b -- /var/folders/c6/f8qlfv856gbfbssnc_n74ddh0000gn/T/XcodeDistPipeline.jPw/Root/Payload/Scenarios.app/Base.lproj/Main.storyboardc/UINavigationController-Kk9-Um-M4D.nib
2018-06-21 22:02:50 +0000      /usr/bin/file exited with pid 17084 exit 0
    Stdout:
        data
    
    Stderr:
2018-06-21 22:02:50 +0000  /usr/bin/file -b -- /var/folders/c6/f8qlfv856gbfbssnc_n74ddh0000gn/T/XcodeDistPipeline.jPw/Root/Payload/Scenarios.app/Info.plist
2018-06-21 22:02:50 +0000      /usr/bin/file exited with pid 17085 exit 0
    Stdout:
        Apple binary property list
    
    Stderr:
2018-06-21 22:02:50 +0000  /usr/bin/file -b -- /var/folders/c6/f8qlfv856gbfbssnc_n74ddh0000gn/T/XcodeDistPipeline.jPw/Root/Payload/Scenarios.app/MapViewController.nib
2018-06-21 22:02:50 +0000      /usr/bin/file exited with pid 17086 exit 0
    Stdout:
        data
    
    Stderr:
2018-06-21 22:02:50 +0000  /usr/bin/file -b -- /var/folders/c6/f8qlfv856gbfbssnc_n74ddh0000gn/T/XcodeDistPipeline.jPw/Root/Payload/Scenarios.app/PPRLogo_BlackGlobe.png
2018-06-21 22:02:50 +0000      /usr/bin/file exited with pid 17087 exit 0
    Stdout:
        PNG image data, 1342185474 x 735425407, 0-bit grayscale,
    
    Stderr:
2018-06-21 22:02:50 +0000  /usr/bin/file -b -- /var/folders/c6/f8qlfv856gbfbssnc_n74ddh0000gn/T/XcodeDistPipeline.jPw/Root/Payload/Scenarios.app/PPR_1242x2208_GrayBG_AppLaunch.png
2018-06-21 22:02:50 +0000      /usr/bin/file exited with pid 17088 exit 0
    Stdout:
        PNG image data, 1242 x 2208, 8-bit colormap, non-interlaced
    
    Stderr:
2018-06-21 22:02:50 +0000  /usr/bin/file -b -- /var/folders/c6/f8qlfv856gbfbssnc_n74ddh0000gn/T/XcodeDistPipeline.jPw/Root/Payload/Scenarios.app/PPR_750x1334_GrayBG_AppLaunch.png
2018-06-21 22:02:50 +0000      /usr/bin/file exited with pid 17089 exit 0
    Stdout:
        PNG image data, 750 x 1334, 8-bit colormap, non-interlaced
    
    Stderr:
2018-06-21 22:02:50 +0000  /usr/bin/file -b -- /var/folders/c6/f8qlfv856gbfbssnc_n74ddh0000gn/T/XcodeDistPipeline.jPw/Root/Payload/Scenarios.app/PkgInfo
2018-06-21 22:02:50 +0000      /usr/bin/file exited with pid 17090 exit 0
    Stdout:
        ASCII text, with no line terminators
    
    Stderr:
2018-06-21 22:02:50 +0000  /usr/bin/file -b -- /var/folders/c6/f8qlfv856gbfbssnc_n74ddh0000gn/T/XcodeDistPipeline.jPw/Root/Payload/Scenarios.app/Scenarios
2018-06-21 22:02:50 +0000  
2018-06-21 22:02:50 +0000      /usr/bin/file exited with pid 17091 exit 0
    Stdout:
        Mach-O 64-bit executable arm64
    
    Stderr:
2018-06-21 22:02:50 +0000  /Applications/Xcode.app/Contents/Developer/Toolchains/XcodeDefault.xctoolchain/usr/bin/lipo -info /var/folders/c6/f8qlfv856gbfbssnc_n74ddh0000gn/T/XcodeDistPipeline.jPw/Root/Payload/Scenarios.app/Scenarios
2018-06-21 22:02:50 +0000      /Applications/Xcode.app/Contents/Developer/Toolchains/XcodeDefault.xctoolchain/usr/bin/lipo exited with pid 17092 exit 0
    Stdout:
        Non-fat file: /var/folders/c6/f8qlfv856gbfbssnc_n74ddh0000gn/T/XcodeDistPipeline.jPw/Root/Payload/Scenarios.app/Scenarios is architecture: arm64
    
    Stderr:
2018-06-21 22:02:50 +0000  /Applications/Xcode.app/Contents/Developer/Toolchains/XcodeDefault.xctoolchain/usr/bin/otool -h -v -m -arch all /var/folders/c6/f8qlfv856gbfbssnc_n74ddh0000gn/T/XcodeDistPipeline.jPw/Root/Payload/Scenarios.app/Scenarios
2018-06-21 22:02:50 +0000      /Applications/Xcode.app/Contents/Developer/Toolchains/XcodeDefault.xctoolchain/usr/bin/otool exited with pid 17093 exit 0
    Stdout:
        Mach header
              magic cputype cpusubtype  caps    filetype ncmds sizeofcmds      flags
        MH_MAGIC_64   ARM64        ALL  0x00     EXECUTE    29       3816   NOUNDEFS DYLDLINK TWOLEVEL PIE
    
    Stderr:
2018-06-21 22:02:50 +0000  /Applications/Xcode.app/Contents/Developer/Toolchains/XcodeDefault.xctoolchain/usr/bin/otool -l -v -m -arch arm64 /var/folders/c6/f8qlfv856gbfbssnc_n74ddh0000gn/T/XcodeDistPipeline.jPw/Root/Payload/Scenarios.app/Scenarios
2018-06-21 22:02:50 +0000      /Applications/Xcode.app/Contents/Developer/Toolchains/XcodeDefault.xctoolchain/usr/bin/otool exited with pid 17095 exit 0
    Stdout:
        /var/folders/c6/f8qlfv856gbfbssnc_n74ddh0000gn/T/XcodeDistPipeline.jPw/Root/Payload/Scenarios.app/Scenarios:
        Mach header
              magic cputype cpusubtype  caps    filetype ncmds sizeofcmds      flags
        MH_MAGIC_64   ARM64        ALL  0x00     EXECUTE    29       3816   NOUNDEFS DYLDLINK TWOLEVEL PIE
        Load command 0
              cmd LC_SEGMENT_64
          cmdsize 72
          segname __PAGEZERO
           vmaddr 0x0000000000000000
           vmsize 0x0000000100000000
          fileoff 0
         filesize 0
          maxprot ---
         initprot ---
           nsects 0
            flags (none)
        Load command 1
              cmd LC_SEGMENT_64
          cmdsize 872
          segname __TEXT
           vmaddr 0x0000000100000000
           vmsize 0x0000000000018000
          fileoff 0
         filesize 98304
          maxprot r-x
         initprot r-x
           nsects 10
            flags (none)
        Section
          sectname __text
           segname __TEXT
              addr 0x0000000100007ac4
              size 0x000000000000b2b4
            offset 31428
             align 2^2 (4)
            reloff 0
            nreloc 0
              type S_REGULAR
        attributes PURE_INSTRUCTIONS SOME_INSTRUCTIONS
         reserved1 0
         reserved2 0
        Section
          sectname __stubs
           segname __TEXT
              addr 0x0000000100012d78
              size 0x0000000000000210
            offset 77176
             align 2^1 (2)
            reloff 0
            nreloc 0
              type S_SYMBOL_STUBS
        attributes PURE_INSTRUCTIONS SOME_INSTRUCTIONS
         reserved1 0 (index into indirect symbol table)
         reserved2 12 (size of stubs)
        Section
          sectname __stub_helper
           segname __TEXT
              addr 0x0000000100012f88
              size 0x0000000000000228
            offset 77704
             align 2^2 (4)
            reloff 0
            nreloc 0
              type S_REGULAR
        attributes PURE_INSTRUCTIONS SOME_INSTRUCTIONS
         reserved1 0
         reserved2 0
        Section
          sectname __cstring
           segname __TEXT
              addr 0x00000001000131b0
              size 0x0000000000000fc2
            offset 78256
             align 2^4 (16)
            reloff 0
            nreloc 0
              type S_CSTRING_LITERALS
        attributes (none)
         reserved1 0
         reserved2 0
        Section
          sectname __objc_methname
           segname __TEXT
              addr 0x0000000100014172
              size 0x00000000000028d8
            offset 82290
             align 2^0 (1)
            reloff 0
            nreloc 0
              type S_CSTRING_LITERALS
        attributes (none)
         reserved1 0
         reserved2 0
        Section
          sectname __objc_classname
           segname __TEXT
              addr 0x0000000100016a4a
              size 0x0000000000000164
            offset 92746
             align 2^0 (1)
            reloff 0
            nreloc 0
              type S_CSTRING_LITERALS
        attributes (none)
         reserved1 0
         reserved2 0
        Section
          sectname __objc_methtype
           segname __TEXT
              addr 0x0000000100016bae
              size 0x0000000000000f5d
            offset 93102
             align 2^0 (1)
            reloff 0
            nreloc 0
              type S_CSTRING_LITERALS
        attributes (none)
         reserved1 0
         reserved2 0
        Section
          sectname __const
           segname __TEXT
              addr 0x0000000100017b10
              size 0x0000000000000040
            offset 97040
             align 2^3 (8)
            reloff 0
            nreloc 0
              type S_REGULAR
        attributes (none)
         reserved1 0
         reserved2 0
        Section
          sectname __gcc_except_tab
           segname __TEXT
              addr 0x00000001000
2018-06-21 22:02:50 +0000  17b50
              size 0x000000000000021c
            offset 97104
             align 2^2 (4)
            reloff 0
            nreloc 0
              type S_REGULAR
        attributes (none)
         reserved1 0
         reserved2 0
        Section
          sectname __unwind_info
           segname __TEXT
              addr 0x0000000100017d6c
              size 0x0000000000000290
            offset 97644
             align 2^2 (4)
            reloff 0
            nreloc 0
              type S_REGULAR
        attributes (none)
         reserved1 0
         reserved2 0
        Load command 2
              cmd LC_SEGMENT_64
          cmdsize 1352
          segname __DATA
           vmaddr 0x0000000100018000
           vmsize 0x0000000000008000
          fileoff 98304
         filesize 32768
          maxprot rw-
         initprot rw-
           nsects 16
            flags (none)
        Section
          sectname __got
           segname __DATA
              addr 0x0000000100018000
              size 0x0000000000000060
            offset 98304
             align 2^3 (8)
            reloff 0
            nreloc 0
              type S_NON_LAZY_SYMBOL_POINTERS
        attributes (none)
         reserved1 44 (index into indirect symbol table)
         reserved2 0
        Section
          sectname __la_symbol_ptr
           segname __DATA
              addr 0x0000000100018060
              size 0x0000000000000160
            offset 98400
             align 2^3 (8)
            reloff 0
            nreloc 0
              type S_LAZY_SYMBOL_POINTERS
        attributes (none)
         reserved1 56 (index into indirect symbol table)
         reserved2 0
        Section
          sectname __const
           segname __DATA
              addr 0x00000001000181c0
              size 0x00000000000002d0
            offset 98752
             align 2^3 (8)
            reloff 0
            nreloc 0
              type S_REGULAR
        attributes (none)
         reserved1 0
         reserved2 0
        Section
          sectname __cfstring
           segname __DATA
              addr 0x0000000100018490
              size 0x0000000000000e00
            offset 99472
             align 2^3 (8)
            reloff 0
            nreloc 0
              type S_REGULAR
        attributes (none)
         reserved1 0
         reserved2 0
        Section
          sectname __objc_classlist
           segname __DATA
              addr 0x0000000100019290
              size 0x0000000000000050
            offset 103056
             align 2^3 (8)
            reloff 0
            nreloc 0
              type S_REGULAR
        attributes NO_DEAD_STRIP
         reserved1 0
         reserved2 0
        Section
          sectname __objc_catlist
           segname __DATA
              addr 0x00000001000192e0
              size 0x0000000000000010
            offset 103136
             align 2^3 (8)
            reloff 0
            nreloc 0
              type S_REGULAR
        attributes NO_DEAD_STRIP
         reserved1 0
         reserved2 0
        Section
          sectname __objc_protolist
           segname __DATA
              addr 0x00000001000192f0
              size 0x0000000000000028
            offset 103152
             align 2^3 (8)
            reloff 0
            nreloc 0
              type S_REGULAR
        attributes (none)
         reserved1 0
         reserved2 0
        Section
          sectname __objc_imageinfo
           segname __DATA
              addr 0x0000000100019318
              size 0x0000000000000008
            offset 103192
             align 2^2 (4)
            reloff 0
            nreloc 0
              type S_REGULAR
        attributes (none)
         reserved1 0
         reserved2 0
        Section
          sectname __objc_const
           segname __DATA
              addr 0x0000000100019320
              size 0x0000000000003568
            offset 103200
             align 2^3 (8)
            reloff 0
            nreloc 0
              type S_REGULAR
        attributes (none)
         reserved1 0
         reserved2 0
        Sec
2018-06-21 22:02:50 +0000  tion
          sectname __objc_selrefs
           segname __DATA
              addr 0x000000010001c888
              size 0x00000000000007d8
            offset 116872
             align 2^3 (8)
            reloff 0
            nreloc 0
              type S_LITERAL_POINTERS
        attributes NO_DEAD_STRIP
         reserved1 0
         reserved2 0
        Section
          sectname __objc_classrefs
           segname __DATA
              addr 0x000000010001d060
              size 0x0000000000000170
            offset 118880
             align 2^3 (8)
            reloff 0
            nreloc 0
              type S_REGULAR
        attributes NO_DEAD_STRIP
         reserved1 0
         reserved2 0
        Section
          sectname __objc_superrefs
           segname __DATA
              addr 0x000000010001d1d0
              size 0x0000000000000038
            offset 119248
             align 2^3 (8)
            reloff 0
            nreloc 0
              type S_REGULAR
        attributes NO_DEAD_STRIP
         reserved1 0
         reserved2 0
        Section
          sectname __objc_ivar
           segname __DATA
              addr 0x000000010001d208
              size 0x00000000000000b8
            offset 119304
             align 2^2 (4)
            reloff 0
            nreloc 0
              type S_REGULAR
        attributes (none)
         reserved1 0
         reserved2 0
        Section
          sectname __objc_data
           segname __DATA
              addr 0x000000010001d2c0
              size 0x0000000000000320
            offset 119488
             align 2^3 (8)
            reloff 0
            nreloc 0
              type S_REGULAR
        attributes (none)
         reserved1 0
         reserved2 0
        Section
          sectname __data
           segname __DATA
              addr 0x000000010001d5e0
              size 0x00000000000001e8
            offset 120288
             align 2^3 (8)
            reloff 0
            nreloc 0
              type S_REGULAR
        attributes (none)
         reserved1 0
         reserved2 0
        Section
          sectname __common
           segname __DATA
              addr 0x000000010001d7c8
              size 0x00000000000000a8
            offset 0
             align 2^3 (8)
            reloff 0
            nreloc 0
              type S_ZEROFILL
        attributes (none)
         reserved1 0
         reserved2 0
        Load command 3
              cmd LC_SEGMENT_64
          cmdsize 152
          segname __LLVM
           vmaddr 0x0000000100020000
           vmsize 0x0000000000084000
          fileoff 131072
         filesize 540672
          maxprot rw-
         initprot rw-
           nsects 1
            flags NORELOC
        Section
          sectname __bundle
           segname __LLVM
              addr 0x0000000100020000
              size 0x0000000000080675
            offset 131072
             align 2^0 (1)
            reloff 0
            nreloc 0
              type S_REGULAR
        attributes (none)
         reserved1 0
         reserved2 0
        Load command 4
              cmd LC_SEGMENT_64
          cmdsize 72
          segname __LINKEDIT
           vmaddr 0x00000001000a4000
           vmsize 0x0000000000008000
          fileoff 671744
         filesize 28032
          maxprot r--
         initprot r--
           nsects 0
            flags (none)
        Load command 5
                    cmd LC_DYLD_INFO_ONLY
                cmdsize 48
             rebase_off 671744
            rebase_size 632
               bind_off 672376
              bind_size 2208
          weak_bind_off 0
         weak_bind_size 0
          lazy_bind_off 674584
         lazy_bind_size 1232
             export_off 675816
            export_size 32
        Load command 6
             cmd LC_SYMTAB
         cmdsize 24
          symoff 676184
           nsyms 107
          stroff 678296
         strsize 2600
        Load command 7
                    cmd LC_DYSYMTAB
                cmdsize 80
              ilocalsym 0
              nlocalsym 1
             iextdefsym 1
            
2018-06-21 22:02:50 +0000   nextdefsym 1
              iundefsym 2
              nundefsym 105
                 tocoff 0
                   ntoc 0
              modtaboff 0
                nmodtab 0
           extrefsymoff 0
            nextrefsyms 0
         indirectsymoff 677896
          nindirectsyms 100
              extreloff 0
                nextrel 0
              locreloff 0
                nlocrel 0
        Load command 8
                  cmd LC_LOAD_DYLINKER
              cmdsize 32
                 name /usr/lib/dyld (offset 12)
        Load command 9
             cmd LC_UUID
         cmdsize 24
            uuid BD046176-134D-3465-8CD2-E84285F24662
        Load command 10
              cmd LC_VERSION_MIN_IPHONEOS
          cmdsize 16
          version 11.2
              sdk 11.4
        Load command 11
              cmd LC_SOURCE_VERSION
          cmdsize 16
          version 0.0
        Load command 12
               cmd LC_MAIN
           cmdsize 24
          entryoff 72880
         stacksize 0
        Load command 13
                  cmd LC_ENCRYPTION_INFO_64
              cmdsize 24
             cryptoff 16384
            cryptsize 81920
              cryptid 0
                  pad 0
        Load command 14
                  cmd LC_LOAD_DYLIB
              cmdsize 80
                 name /System/Library/Frameworks/MapKit.framework/MapKit (offset 24)
           time stamp 2 Wed Dec 31 19:00:02 1969
              current version 14.0.0
        compatibility version 1.0.0
        Load command 15
                  cmd LC_LOAD_DYLIB
              cmdsize 80
                 name /System/Library/Frameworks/PDFKit.framework/PDFKit (offset 24)
           time stamp 2 Wed Dec 31 19:00:02 1969
              current version 1.0.0
        compatibility version 1.0.0
        Load command 16
                  cmd LC_LOAD_DYLIB
              cmdsize 88
                 name /System/Library/Frameworks/Foundation.framework/Foundation (offset 24)
           time stamp 2 Wed Dec 31 19:00:02 1969
              current version 1452.23.0
        compatibility version 300.0.0
        Load command 17
                  cmd LC_LOAD_DYLIB
              cmdsize 56
                 name /usr/lib/libobjc.A.dylib (offset 24)
           time stamp 2 Wed Dec 31 19:00:02 1969
              current version 228.0.0
        compatibility version 1.0.0
        Load command 18
                  cmd LC_LOAD_DYLIB
              cmdsize 56
                 name /usr/lib/libSystem.B.dylib (offset 24)
           time stamp 2 Wed Dec 31 19:00:02 1969
              current version 1252.50.4
        compatibility version 1.0.0
        Load command 19
                  cmd LC_LOAD_DYLIB
              cmdsize 96
                 name /System/Library/Frameworks/CoreFoundation.framework/CoreFoundation (offset 24)
           time stamp 2 Wed Dec 31 19:00:02 1969
              current version 1452.23.0
        compatibility version 150.0.0
        Load command 20
                  cmd LC_LOAD_DYLIB
              cmdsize 88
                 name /System/Library/Frameworks/CoreGraphics.framework/CoreGraphics (offset 24)
           time stamp 2 Wed Dec 31 19:00:02 1969
              current version 1161.21.0
        compatibility version 64.0.0
        Load command 21
                  cmd LC_LOAD_DYLIB
              cmdsize 88
                 name /System/Library/Frameworks/CoreLocation.framework/CoreLocation (offset 24)
           time stamp 2 Wed Dec 31 19:00:02 1969
              current version 2245.0.41
        compatibility version 1.0.0
        Load command 22
                  cmd LC_LOAD_DYLIB
              cmdsize 104
                 name /System/Library/Frameworks/SystemConfiguration.framework/SystemConfiguration (offset 24)
           time stamp 2 Wed Dec 31 19:00:02 1969
              current version 963.50.8
        compatibility version 1.0.0
        Load command 23
                  cmd LC_LOAD_DYLIB
              cmdsize 80
                 name /System/Library/Frameworks/UIKit.framework/UIKit (offset 24)
           time stamp 2 Wed Dec 31 19:00:02 1969
        
2018-06-21 22:02:50 +0000        current version 3698.54.4
        compatibility version 1.0.0
        Load command 24
                  cmd LC_LOAD_DYLIB
              cmdsize 104
                 name /System/Library/Frameworks/UserNotifications.framework/UserNotifications (offset 24)
           time stamp 2 Wed Dec 31 19:00:02 1969
              current version 1.0.0
        compatibility version 1.0.0
        Load command 25
                  cmd LC_RPATH
              cmdsize 40
                 path @executable_path/Frameworks (offset 12)
        Load command 26
              cmd LC_FUNCTION_STARTS
          cmdsize 16
          dataoff 675848
         datasize 336
        Load command 27
              cmd LC_DATA_IN_CODE
          cmdsize 16
          dataoff 676184
         datasize 0
        Load command 28
              cmd LC_CODE_SIGNATURE
          cmdsize 16
          dataoff 680896
         datasize 18880
    
    Stderr:
2018-06-21 22:02:50 +0000  /usr/bin/file -b -- /var/folders/c6/f8qlfv856gbfbssnc_n74ddh0000gn/T/XcodeDistPipeline.jPw/Root/Payload/Scenarios.app/SettingsViewController.nib
2018-06-21 22:02:50 +0000      /usr/bin/file exited with pid 17097 exit 0
    Stdout:
        data
    
    Stderr:
2018-06-21 22:02:50 +0000  /usr/bin/file -b -- /var/folders/c6/f8qlfv856gbfbssnc_n74ddh0000gn/T/XcodeDistPipeline.jPw/Root/Payload/Scenarios.app/WHMO\ AppIcon\ Notification\ 2x.png
2018-06-21 22:02:50 +0000      /usr/bin/file exited with pid 17098 exit 0
    Stdout:
        PNG image data, 1342185474 x 735425407, 0-bit grayscale,
    
    Stderr:
2018-06-21 22:02:50 +0000  /usr/bin/file -b -- /var/folders/c6/f8qlfv856gbfbssnc_n74ddh0000gn/T/XcodeDistPipeline.jPw/Root/Payload/Scenarios.app/WHMO\ AppIcon\ Notification\ 3x.png
2018-06-21 22:02:50 +0000      /usr/bin/file exited with pid 17099 exit 0
    Stdout:
        PNG image data, 1342185474 x 735425407, 0-bit grayscale,
    
    Stderr:
2018-06-21 22:02:50 +0000  /usr/bin/file -b -- /var/folders/c6/f8qlfv856gbfbssnc_n74ddh0000gn/T/XcodeDistPipeline.jPw/Root/Payload/Scenarios.app/WHMO\ AppIcon\ Notification\ 58x58.png
2018-06-21 22:02:50 +0000      /usr/bin/file exited with pid 17100 exit 0
    Stdout:
        PNG image data, 1342185474 x 735425407, 0-bit grayscale,
    
    Stderr:
2018-06-21 22:02:50 +0000  /usr/bin/file -b -- /var/folders/c6/f8qlfv856gbfbssnc_n74ddh0000gn/T/XcodeDistPipeline.jPw/Root/Payload/Scenarios.app/WHMO\ AppIcon-03\ GRAY\ 3x.png
2018-06-21 22:02:50 +0000      /usr/bin/file exited with pid 17101 exit 0
    Stdout:
        PNG image data, 1342185478 x 750286694, 0-bit grayscale,
    
    Stderr:
2018-06-21 22:02:50 +0000  /usr/bin/file -b -- /var/folders/c6/f8qlfv856gbfbssnc_n74ddh0000gn/T/XcodeDistPipeline.jPw/Root/Payload/Scenarios.app/WHMO\ AppIcon-04\ GRAY\ 2x.png
2018-06-21 22:02:50 +0000      /usr/bin/file exited with pid 17102 exit 0
    Stdout:
        PNG image data, 1342185478 x 750286694, 0-bit grayscale,
    
    Stderr:
2018-06-21 22:02:50 +0000  /usr/bin/file -b -- /var/folders/c6/f8qlfv856gbfbssnc_n74ddh0000gn/T/XcodeDistPipeline.jPw/Root/Payload/Scenarios.app/WHMO\ AppIcon-07\ BLUE\ 3x.png
2018-06-21 22:02:50 +0000      /usr/bin/file exited with pid 17103 exit 0
    Stdout:
        PNG image data, 1342185474 x 735425407, 0-bit grayscale,
    
    Stderr:
2018-06-21 22:02:50 +0000  /usr/bin/file -b -- /var/folders/c6/f8qlfv856gbfbssnc_n74ddh0000gn/T/XcodeDistPipeline.jPw/Root/Payload/Scenarios.app/WHMO\ AppIcon-07\ BLUE\ 87x87.png
2018-06-21 22:02:50 +0000      /usr/bin/file exited with pid 17104 exit 0
    Stdout:
        PNG image data, 1342185474 x 735425407, 0-bit grayscale,
    
    Stderr:
2018-06-21 22:02:50 +0000  /usr/bin/file -b -- /var/folders/c6/f8qlfv856gbfbssnc_n74ddh0000gn/T/XcodeDistPipeline.jPw/Root/Payload/Scenarios.app/WHMO\ AppIcon-08\ BLUE\ 2x\ Spotlight.png
2018-06-21 22:02:50 +0000      /usr/bin/file exited with pid 17105 exit 0
    Stdout:
        PNG image data, 1342185474 x 735425407, 0-bit grayscale,
    
    Stderr:
2018-06-21 22:02:50 +0000  /usr/bin/file -b -- /var/folders/c6/f8qlfv856gbfbssnc_n74ddh0000gn/T/XcodeDistPipeline.jPw/Root/Payload/Scenarios.app/WHMO\ AppIcon-08\ BLUE\ 2x.png
2018-06-21 22:02:50 +0000      /usr/bin/file exited with pid 17106 exit 0
    Stdout:
        PNG image data, 1342185474 x 735425407, 0-bit grayscale,
    
    Stderr:
2018-06-21 22:02:50 +0000  /usr/bin/file -b -- /var/folders/c6/f8qlfv856gbfbssnc_n74ddh0000gn/T/XcodeDistPipeline.jPw/Root/Payload/Scenarios.app/WHMO\ AppIcon-11\ BLUEMONO\ 3x.png
2018-06-21 22:02:50 +0000      /usr/bin/file exited with pid 17107 exit 0
    Stdout:
        PNG image data, 1342185474 x 735425407, 0-bit grayscale,
    
    Stderr:
2018-06-21 22:02:50 +0000  /usr/bin/file -b -- /var/folders/c6/f8qlfv856gbfbssnc_n74ddh0000gn/T/XcodeDistPipeline.jPw/Root/Payload/Scenarios.app/WHMO\ AppIcon-12\ BLUEMONO\ 2x.png
2018-06-21 22:02:50 +0000      /usr/bin/file exited with pid 17108 exit 0
    Stdout:
        PNG image data, 1342185474 x 735425407, 0-bit grayscale,
    
    Stderr:
2018-06-21 22:02:50 +0000  /usr/bin/file -b -- /var/folders/c6/f8qlfv856gbfbssnc_n74ddh0000gn/T/XcodeDistPipeline.jPw/Root/Payload/Scenarios.app/WHMO\ AppLaunch-01\ GRAY\ 2x.png
2018-06-21 22:02:50 +0000      /usr/bin/file exited with pid 17109 exit 0
    Stdout:
        PNG image data, 1342185478 x 750286694, 0-bit grayscale,
    
    Stderr:
2018-06-21 22:02:50 +0000  /usr/bin/file -b -- /var/folders/c6/f8qlfv856gbfbssnc_n74ddh0000gn/T/XcodeDistPipeline.jPw/Root/Payload/Scenarios.app/WHMO\ AppLaunch-02\ GRAY\ 3x.png
2018-06-21 22:02:50 +0000      /usr/bin/file exited with pid 17110 exit 0
    Stdout:
        PNG image data, 1342185478 x 750286694, 0-bit grayscale,
    
    Stderr:
2018-06-21 22:02:50 +0000  /usr/bin/file -b -- /var/folders/c6/f8qlfv856gbfbssnc_n74ddh0000gn/T/XcodeDistPipeline.jPw/Root/Payload/Scenarios.app/WHMO\ AppLaunch-05\ BLUE\ 2x.png
2018-06-21 22:02:50 +0000      /usr/bin/file exited with pid 17111 exit 0
    Stdout:
        PNG image data, 1342185474 x 735425407, 0-bit grayscale,
    
    Stderr:
2018-06-21 22:02:50 +0000  /usr/bin/file -b -- /var/folders/c6/f8qlfv856gbfbssnc_n74ddh0000gn/T/XcodeDistPipeline.jPw/Root/Payload/Scenarios.app/WHMO\ AppLaunch-06\ BLUE\ 3x.png
2018-06-21 22:02:50 +0000      /usr/bin/file exited with pid 17112 exit 0
    Stdout:
        PNG image data, 1342185474 x 735425407, 0-bit grayscale,
    
    Stderr:
2018-06-21 22:02:50 +0000  /usr/bin/file -b -- /var/folders/c6/f8qlfv856gbfbssnc_n74ddh0000gn/T/XcodeDistPipeline.jPw/Root/Payload/Scenarios.app/WHMO\ AppLaunch-09\ BLUEMONO\ 2x.png
2018-06-21 22:02:50 +0000      /usr/bin/file exited with pid 17113 exit 0
    Stdout:
        PNG image data, 1342185474 x 735425407, 0-bit grayscale,
    
    Stderr:
2018-06-21 22:02:50 +0000  /usr/bin/file -b -- /var/folders/c6/f8qlfv856gbfbssnc_n74ddh0000gn/T/XcodeDistPipeline.jPw/Root/Payload/Scenarios.app/WHMO\ AppLaunch-10\ BLUEMONO\ 3x.png
2018-06-21 22:02:50 +0000      /usr/bin/file exited with pid 17114 exit 0
    Stdout:
        PNG image data, 1342185474 x 735425407, 0-bit grayscale,
    
    Stderr:
2018-06-21 22:02:50 +0000  /usr/bin/file -b -- /var/folders/c6/f8qlfv856gbfbssnc_n74ddh0000gn/T/XcodeDistPipeline.jPw/Root/Payload/Scenarios.app/WHMO\ AppLaunchIcon\ 1024.png
2018-06-21 22:02:50 +0000      /usr/bin/file exited with pid 17115 exit 0
    Stdout:
        PNG image data, 1342185478 x 750286694, 0-bit grayscale,
    
    Stderr:
2018-06-21 22:02:50 +0000  /usr/bin/file -b -- /var/folders/c6/f8qlfv856gbfbssnc_n74ddh0000gn/T/XcodeDistPipeline.jPw/Root/Payload/Scenarios.app/_CodeSignature/CodeResources
2018-06-21 22:02:50 +0000      /usr/bin/file exited with pid 17116 exit 0
    Stdout:
        XML 1.0 document text, ASCII text
    
    Stderr:
2018-06-21 22:02:50 +0000  /usr/bin/file -b -- /var/folders/c6/f8qlfv856gbfbssnc_n74ddh0000gn/T/XcodeDistPipeline.jPw/Root/Payload/Scenarios.app/embedded.mobileprovision
2018-06-21 22:02:50 +0000      /usr/bin/file exited with pid 17117 exit 0
    Stdout:
        data
    
    Stderr:
2018-06-21 22:02:50 +0000  /usr/bin/file -b -- /var/folders/c6/f8qlfv856gbfbssnc_n74ddh0000gn/T/XcodeDistPipeline.jPw/Root/Payload/Scenarios.app/fileIcon.png
2018-06-21 22:02:50 +0000      /usr/bin/file exited with pid 17118 exit 0
    Stdout:
        PNG image data, 1342185474 x 735425407, 0-bit grayscale,
    
    Stderr:
2018-06-21 22:02:50 +0000  /usr/bin/file -b -- /var/folders/c6/f8qlfv856gbfbssnc_n74ddh0000gn/T/XcodeDistPipeline.jPw/Root/Payload/Scenarios.app/linkIcon.png
2018-06-21 22:02:50 +0000      /usr/bin/file exited with pid 17119 exit 0
    Stdout:
        PNG image data, 1342185474 x 735425407, 0-bit grayscale,
    
    Stderr:
2018-06-21 22:02:50 +0000  /usr/bin/file -b -- /var/folders/c6/f8qlfv856gbfbssnc_n74ddh0000gn/T/XcodeDistPipeline.jPw/Root/Payload/Scenarios.app/scenarioData.xml
2018-06-21 22:02:50 +0000      /usr/bin/file exited with pid 17120 exit 0
    Stdout:
        ASCII text
    
    Stderr:
2018-06-21 22:02:51 +0000  Complete LinkageGraph:
    Scenarios.app/Scenarios arm64 ->
2018-06-21 22:02:51 +0000  Validating IPA structure...
2018-06-21 22:02:51 +0000  /Applications/Xcode.app/Contents/Developer/usr/bin/bitcode-build-tool -v -t /Applications/Xcode.app/Contents/Developer/Toolchains/XcodeDefault.xctoolchain/usr/bin --sdk /Applications/Xcode.app/Contents/Developer/Platforms/iPhoneOS.platform/Developer/SDKs/iPhoneOS11.4.sdk -o /var/folders/c6/f8qlfv856gbfbssnc_n74ddh0000gn/T/ipatool20180621-17064-w16q5m/thinned/arm64/Payload/Scenarios.app/Scenarios --generate-dsym /var/folders/c6/f8qlfv856gbfbssnc_n74ddh0000gn/T/ipatool20180621-17064-w16q5m/thinned/arm64/Payload/Scenarios.app/Scenarios.dSYM --strip-swift-symbols /var/folders/c6/f8qlfv856gbfbssnc_n74ddh0000gn/T/ipatool20180621-17064-w16q5m/thinned/arm64/Payload/Scenarios.app/Scenarios
2018-06-21 22:02:51 +0000  Compiling bitcode...
  Compiling bitcode for arm64...
    Compiling arm64 bitcode in 'Scenarios'
2018-06-21 22:02:52 +0000      /Applications/Xcode.app/Contents/Developer/usr/bin/bitcode-build-tool exited with pid 17140 exit 0
    Stdout:
        Debug: SDK path: /Applications/Xcode.app/Contents/Developer/Platforms/iPhoneOS.platform/Developer/SDKs/iPhoneOS11.4.sdk
        Debug: PATH: ['/Applications/Xcode.app/Contents/Developer/Toolchains/XcodeDefault.xctoolchain/usr/bin', '/Applications/Xcode.app/Contents/Developer/usr/bin']
        Debug: Using: /Applications/Xcode.app/Contents/Developer/Toolchains/XcodeDefault.xctoolchain/usr/bin/lipo
        MachoInfo: cd /
        "/Applications/Xcode.app/Contents/Developer/Toolchains/XcodeDefault.xctoolchain/usr/bin/lipo" "-info" "/var/folders/c6/f8qlfv856gbfbssnc_n74ddh0000gn/T/ipatool20180621-17064-w16q5m/thinned/arm64/Payload/Scenarios.app/Scenarios" 
        -= Output =-
        Non-fat file: /var/folders/c6/f8qlfv856gbfbssnc_n74ddh0000gn/T/ipatool20180621-17064-w16q5m/thinned/arm64/Payload/Scenarios.app/Scenarios is architecture: arm64
        Exited with 0
        
        Debug: Command took 0 seconds
        Debug: Using: /Applications/Xcode.app/Contents/Developer/Toolchains/XcodeDefault.xctoolchain/usr/bin/dwarfdump
        GetUUID: cd /
        "/Applications/Xcode.app/Contents/Developer/Toolchains/XcodeDefault.xctoolchain/usr/bin/dwarfdump" "-u" "/var/folders/c6/f8qlfv856gbfbssnc_n74ddh0000gn/T/ipatool20180621-17064-w16q5m/thinned/arm64/Payload/Scenarios.app/Scenarios" 
        -= Output =-
        UUID: BD046176-134D-3465-8CD2-E84285F24662 (arm64) /var/folders/c6/f8qlfv856gbfbssnc_n74ddh0000gn/T/ipatool20180621-17064-w16q5m/thinned/arm64/Payload/Scenarios.app/Scenarios
        Exited with 0
        
        Debug: Command took 0 seconds
        Debug: Using: /Applications/Xcode.app/Contents/Developer/Toolchains/XcodeDefault.xctoolchain/usr/bin/segedit
        ExtractXAR: cd /
        "/Applications/Xcode.app/Contents/Developer/Toolchains/XcodeDefault.xctoolchain/usr/bin/segedit" "/var/folders/c6/f8qlfv856gbfbssnc_n74ddh0000gn/T/ipatool20180621-17064-w16q5m/thinned/arm64/Payload/Scenarios.app/Scenarios" "-extract" "__LLVM" "__bundle" "/var/folders/c6/f8qlfv856gbfbssnc_n74ddh0000gn/T/ScenariosyUdjd1/Scenarios.arm64.xar" 
        -= Output =-
        Exited with 0
        
        Debug: Command took 0 seconds
        Debug: Bitcode bundle version: 1.0
        Debug: Setting platform to: iPhoneOS
        Debug: Using: /Applications/Xcode.app/Contents/Developer/Toolchains/XcodeDefault.xctoolchain/usr/bin/ld
        Debug: Using: /Applications/Xcode.app/Contents/Developer/Toolchains/XcodeDefault.xctoolchain/usr/bin/clang
        Clang: cd /var/folders/c6/f8qlfv856gbfbssnc_n74ddh0000gn/T/templ8KFcE
        "/Applications/Xcode.app/Contents/Developer/Toolchains/XcodeDefault.xctoolchain/usr/bin/clang" "-cc1" "-triple" "arm64-apple-ios11.2.0" "-emit-obj" "-disable-llvm-passes" "-target-abi" "darwinpcs" "-Os" "-x" "ir" "01" "-o" "01.o" 
        -= Output =-
        Exited with 0
        
        Debug: Command took 0 seconds
        Clang: cd /var/folders/c6/f8qlfv856gbfbssnc_n74ddh0000gn/T/templ8KFcE
        "/Applications/Xcode.app/Contents/Developer/Toolchains/XcodeDefault.xctoolchain/usr/bin/clang" "-cc1" "-triple" "arm64-apple-ios11.2.0" "-emit-obj" "-disable-llvm-passes" "-target-abi" "darwinpcs" "-Os" "-x" "ir" "02" "-o" "02.o" 
        -= Output =-
        Exited with 0
        
        Debug: Command took 0 seconds
        Clang: cd /var/folders/c6/f8qlfv856gbfbssnc_n74ddh0000gn/T/templ8KFcE
        "/Applications/Xcode.app/Contents/Developer/Toolchains/XcodeDefault.xctoolchain/usr/bin/clang" "-cc1" "-triple" "arm64-apple-ios11.2.0" "-emit-obj" "-disable-llvm-passes" "-target-abi" "darwinpcs" "-Os" "-x" "ir" "03" "-o" "03.o" 
        -= Output =-
        Exited with 0
        
        Debug: Command took 0 seconds
        Clang: cd /var/folders/c6/f8qlfv856gbfbssnc_n74ddh0000gn/T/templ8KFcE
        "/Applications/Xcode.app/Contents/Developer/Toolchains/XcodeDefault.xctoolchain/usr/bin/clang" "-cc1" "-triple" "arm64-apple-ios11.2.0" "-emit-obj" "-disable-llvm-passes" "-target-abi" "darwinpcs"
2018-06-21 22:02:52 +0000   "-Os" "-x" "ir" "04" "-o" "04.o" 
        -= Output =-
        Exited with 0
        
        Debug: Command took 0 seconds
        Clang: cd /var/folders/c6/f8qlfv856gbfbssnc_n74ddh0000gn/T/templ8KFcE
        "/Applications/Xcode.app/Contents/Developer/Toolchains/XcodeDefault.xctoolchain/usr/bin/clang" "-cc1" "-triple" "arm64-apple-ios11.2.0" "-emit-obj" "-disable-llvm-passes" "-target-abi" "darwinpcs" "-Os" "-x" "ir" "05" "-o" "05.o" 
        -= Output =-
        Exited with 0
        
        Debug: Command took 0 seconds
        Clang: cd /var/folders/c6/f8qlfv856gbfbssnc_n74ddh0000gn/T/templ8KFcE
        "/Applications/Xcode.app/Contents/Developer/Toolchains/XcodeDefault.xctoolchain/usr/bin/clang" "-cc1" "-triple" "arm64-apple-ios11.2.0" "-emit-obj" "-disable-llvm-passes" "-target-abi" "darwinpcs" "-Os" "-x" "ir" "06" "-o" "06.o" 
        -= Output =-
        Exited with 0
        
        Debug: Command took 0 seconds
        Clang: cd /var/folders/c6/f8qlfv856gbfbssnc_n74ddh0000gn/T/templ8KFcE
        "/Applications/Xcode.app/Contents/Developer/Toolchains/XcodeDefault.xctoolchain/usr/bin/clang" "-cc1" "-triple" "arm64-apple-ios11.2.0" "-emit-obj" "-disable-llvm-passes" "-target-abi" "darwinpcs" "-Os" "-x" "ir" "07" "-o" "07.o" 
        -= Output =-
        Exited with 0
        
        Debug: Command took 0 seconds
        Clang: cd /var/folders/c6/f8qlfv856gbfbssnc_n74ddh0000gn/T/templ8KFcE
        "/Applications/Xcode.app/Contents/Developer/Toolchains/XcodeDefault.xctoolchain/usr/bin/clang" "-cc1" "-triple" "arm64-apple-ios11.2.0" "-emit-obj" "-disable-llvm-passes" "-target-abi" "darwinpcs" "-Os" "-x" "ir" "08" "-o" "08.o" 
        -= Output =-
        Exited with 0
        
        Debug: Command took 0 seconds
        Clang: cd /var/folders/c6/f8qlfv856gbfbssnc_n74ddh0000gn/T/templ8KFcE
        "/Applications/Xcode.app/Contents/Developer/Toolchains/XcodeDefault.xctoolchain/usr/bin/clang" "-cc1" "-triple" "arm64-apple-ios11.2.0" "-emit-obj" "-disable-llvm-passes" "-target-abi" "darwinpcs" "-Os" "-x" "ir" "09" "-o" "09.o" 
        -= Output =-
        Exited with 0
        
        Debug: Command took 0 seconds
        Clang: cd /var/folders/c6/f8qlfv856gbfbssnc_n74ddh0000gn/T/templ8KFcE
        "/Applications/Xcode.app/Contents/Developer/Toolchains/XcodeDefault.xctoolchain/usr/bin/clang" "-cc1" "-triple" "arm64-apple-ios11.2.0" "-emit-obj" "-disable-llvm-passes" "-target-abi" "darwinpcs" "-Os" "-x" "ir" "10" "-o" "10.o" 
        -= Output =-
        Exited with 0
        
        Debug: Command took 0 seconds
        Clang: cd /var/folders/c6/f8qlfv856gbfbssnc_n74ddh0000gn/T/templ8KFcE
        "/Applications/Xcode.app/Contents/Developer/Toolchains/XcodeDefault.xctoolchain/usr/bin/clang" "-cc1" "-triple" "arm64-apple-ios11.2.0" "-emit-obj" "-disable-llvm-passes" "-target-abi" "darwinpcs" "-Os" "-x" "ir" "11" "-o" "11.o" 
        -= Output =-
        Exited with 0
        
        Debug: Command took 0 seconds
        Clang: cd /var/folders/c6/f8qlfv856gbfbssnc_n74ddh0000gn/T/templ8KFcE
        "/Applications/Xcode.app/Contents/Developer/Toolchains/XcodeDefault.xctoolchain/usr/bin/clang" "-cc1" "-triple" "arm64-apple-ios11.2.0" "-emit-obj" "-disable-llvm-passes" "-target-abi" "darwinpcs" "-Os" "-x" "ir" "12" "-o" "12.o" 
        -= Output =-
        Exited with 0
        
        Debug: Command took 0 seconds
        Clang: cd /var/folders/c6/f8qlfv856gbfbssnc_n74ddh0000gn/T/templ8KFcE
        "/Applications/Xcode.app/Contents/Developer/Toolchains/XcodeDefault.xctoolchain/usr/bin/clang" "-cc1" "-triple" "arm64-apple-ios11.2.0" "-emit-obj" "-disable-llvm-passes" "-target-abi" "darwinpcs" "-Os" "-x" "ir" "13" "-o" "13.o" 
        -= Output =-
        Exited with 0
        
        Debug: Command took 0 seconds
        Debug: Found framework/dylib: /Applications/Xcode.app/Contents/Developer/Platforms/iPhoneOS.platform/Developer/SDKs/iPhoneOS11.4.sdk/System/Library/Frameworks/MapKit.framework/MapKit.tbd
        Debug: Found framework/dylib: /Applications/Xcode.app/Contents/Developer/Platforms/iPhoneOS.platform/Deve
2018-06-21 22:02:52 +0000  loper/SDKs/iPhoneOS11.4.sdk/System/Library/Frameworks/PDFKit.framework/PDFKit.tbd
        Debug: Found framework/dylib: /Applications/Xcode.app/Contents/Developer/Platforms/iPhoneOS.platform/Developer/SDKs/iPhoneOS11.4.sdk/System/Library/Frameworks/Foundation.framework/Foundation.tbd
        Debug: Found framework/dylib: /Applications/Xcode.app/Contents/Developer/Platforms/iPhoneOS.platform/Developer/SDKs/iPhoneOS11.4.sdk/usr/lib/libobjc.A.tbd
        Debug: Found framework/dylib: /Applications/Xcode.app/Contents/Developer/Platforms/iPhoneOS.platform/Developer/SDKs/iPhoneOS11.4.sdk/usr/lib/libSystem.B.tbd
        Debug: Found framework/dylib: /Applications/Xcode.app/Contents/Developer/Platforms/iPhoneOS.platform/Developer/SDKs/iPhoneOS11.4.sdk/System/Library/Frameworks/CoreFoundation.framework/CoreFoundation.tbd
        Debug: Found framework/dylib: /Applications/Xcode.app/Contents/Developer/Platforms/iPhoneOS.platform/Developer/SDKs/iPhoneOS11.4.sdk/System/Library/Frameworks/CoreGraphics.framework/CoreGraphics.tbd
        Debug: Found framework/dylib: /Applications/Xcode.app/Contents/Developer/Platforms/iPhoneOS.platform/Developer/SDKs/iPhoneOS11.4.sdk/System/Library/Frameworks/CoreLocation.framework/CoreLocation.tbd
        Debug: Found framework/dylib: /Applications/Xcode.app/Contents/Developer/Platforms/iPhoneOS.platform/Developer/SDKs/iPhoneOS11.4.sdk/System/Library/Frameworks/SystemConfiguration.framework/SystemConfiguration.tbd
        Debug: Found framework/dylib: /Applications/Xcode.app/Contents/Developer/Platforms/iPhoneOS.platform/Developer/SDKs/iPhoneOS11.4.sdk/System/Library/Frameworks/UIKit.framework/UIKit.tbd
        Debug: Found framework/dylib: /Applications/Xcode.app/Contents/Developer/Platforms/iPhoneOS.platform/Developer/SDKs/iPhoneOS11.4.sdk/System/Library/Frameworks/UserNotifications.framework/UserNotifications.tbd
        Debug: Found framework/dylib: /Applications/Xcode.app/Contents/Developer/Platforms/iPhoneOS.platform/Developer/SDKs/iPhoneOS11.4.sdk/usr/lib/libobjc.A.tbd
        Ld: cd /var/folders/c6/f8qlfv856gbfbssnc_n74ddh0000gn/T/templ8KFcE
        "/Applications/Xcode.app/Contents/Developer/Toolchains/XcodeDefault.xctoolchain/usr/bin/ld" "-arch" "arm64" "-execute" "-ios_version_min" "11.2.0" "-e" "_main" "-rpath" "@executable_path/Frameworks" "-executable_path" "/Users/adamburstein/Library/Developer/Xcode/DerivedData/Scenarios-evnwauuhmoxhqlatilcbmfyjhhhh/Build/Intermediates.noindex/ArchiveIntermediates/Scenarios/InstallationBuildProductsLocation/Applications/Scenarios.app/Scenarios" "-dead_strip" "-syslibroot" "/Applications/Xcode.app/Contents/Developer/Platforms/iPhoneOS.platform/Developer/SDKs/iPhoneOS11.4.sdk" "-sdk_version" "11.4.0" "-filelist" "/private/var/folders/c6/f8qlfv856gbfbssnc_n74ddh0000gn/T/ScenariosyUdjd1/Scenarios.arm64.out.LinkFileList" "-ignore_auto_link" "-allow_dead_duplicates" "/Applications/Xcode.app/Contents/Developer/Platforms/iPhoneOS.platform/Developer/SDKs/iPhoneOS11.4.sdk/System/Library/Frameworks/MapKit.framework/MapKit.tbd" "/Applications/Xcode.app/Contents/Developer/Platforms/iPhoneOS.platform/Developer/SDKs/iPhoneOS11.4.sdk/System/Library/Frameworks/PDFKit.framework/PDFKit.tbd" "/Applications/Xcode.app/Contents/Developer/Platforms/iPhoneOS.platform/Developer/SDKs/iPhoneOS11.4.sdk/System/Library/Frameworks/Foundation.framework/Foundation.tbd" "/Applications/Xcode.app/Contents/Developer/Platforms/iPhoneOS.platform/Developer/SDKs/iPhoneOS11.4.sdk/usr/lib/libobjc.A.tbd" "/Applications/Xcode.app/Contents/Developer/Platforms/iPhoneOS.platform/Developer/SDKs/iPhoneOS11.4.sdk/usr/lib/libSystem.B.tbd" "/Applications/Xcode.app/Contents/Developer/Platforms/iPhoneOS.platform/Developer/SDKs/iPhoneOS11.4.sdk/System/Library/Frameworks/CoreFoundation.framework/CoreFoundation.tbd" "/Applications/Xcode.app/Contents/Developer/Platforms/iPhoneOS.platform/Developer/SDKs/iPhoneOS11.4.sdk/System/Library/Frameworks/CoreGraphics.framework/CoreGraphics.tbd" "/Applications/Xcode.app/Contents/Developer/Platforms/iPhoneOS.platform/Developer/SDKs/iPhoneOS11.4.sdk/System/Library/Framewor
2018-06-21 22:02:52 +0000  ks/CoreLocation.framework/CoreLocation.tbd" "/Applications/Xcode.app/Contents/Developer/Platforms/iPhoneOS.platform/Developer/SDKs/iPhoneOS11.4.sdk/System/Library/Frameworks/SystemConfiguration.framework/SystemConfiguration.tbd" "/Applications/Xcode.app/Contents/Developer/Platforms/iPhoneOS.platform/Developer/SDKs/iPhoneOS11.4.sdk/System/Library/Frameworks/UIKit.framework/UIKit.tbd" "/Applications/Xcode.app/Contents/Developer/Platforms/iPhoneOS.platform/Developer/SDKs/iPhoneOS11.4.sdk/System/Library/Frameworks/UserNotifications.framework/UserNotifications.tbd" "/Applications/Xcode.app/Contents/Developer/Platforms/iPhoneOS.platform/Developer/SDKs/iPhoneOS11.4.sdk/usr/lib/libobjc.A.tbd" "/Applications/Xcode.app/Contents/Developer/Toolchains/XcodeDefault.xctoolchain/usr/lib/clang/9.1.0/lib/darwin/libclang_rt.ios.a" "-o" "/private/var/folders/c6/f8qlfv856gbfbssnc_n74ddh0000gn/T/ScenariosyUdjd1/Scenarios.arm64.out" 
        -= Output =-
        Exited with 0
        
        Debug: Command took 0 seconds
        warning: Cannot genarte useful dsym from input macho file: /var/folders/c6/f8qlfv856gbfbssnc_n74ddh0000gn/T/ipatool20180621-17064-w16q5m/thinned/arm64/Payload/Scenarios.app/Scenarios
        
        GetUUID: cd /
        "/Applications/Xcode.app/Contents/Developer/Toolchains/XcodeDefault.xctoolchain/usr/bin/dwarfdump" "-u" "/var/folders/c6/f8qlfv856gbfbssnc_n74ddh0000gn/T/ipatool20180621-17064-w16q5m/thinned/arm64/Payload/Scenarios.app/Scenarios" 
        -= Output =-
        UUID: C1A089CF-D69B-3F58-A368-724B0AA7A36A (arm64) /var/folders/c6/f8qlfv856gbfbssnc_n74ddh0000gn/T/ipatool20180621-17064-w16q5m/thinned/arm64/Payload/Scenarios.app/Scenarios
        Exited with 0
        
        Debug: Command took 0 seconds
        Debug: Using: /Applications/Xcode.app/Contents/Developer/Toolchains/XcodeDefault.xctoolchain/usr/bin/dsymutil
        Dsymutil: cd /
        "/Applications/Xcode.app/Contents/Developer/Toolchains/XcodeDefault.xctoolchain/usr/bin/dsymutil" "/var/folders/c6/f8qlfv856gbfbssnc_n74ddh0000gn/T/ipatool20180621-17064-w16q5m/thinned/arm64/Payload/Scenarios.app/Scenarios" "-o" "/var/folders/c6/f8qlfv856gbfbssnc_n74ddh0000gn/T/ipatool20180621-17064-w16q5m/thinned/arm64/Payload/Scenarios.app/Scenarios.dSYM" 
        -= Output =-
        Exited with 0
        
        Debug: Command took 0 seconds
        Debug: Using: /Applications/Xcode.app/Contents/Developer/Toolchains/XcodeDefault.xctoolchain/usr/bin/strip
        StripSymbols: cd /
        "/Applications/Xcode.app/Contents/Developer/Toolchains/XcodeDefault.xctoolchain/usr/bin/strip" "/var/folders/c6/f8qlfv856gbfbssnc_n74ddh0000gn/T/ipatool20180621-17064-w16q5m/thinned/arm64/Payload/Scenarios.app/Scenarios" 
        -= Output =-
        Exited with 0
        
        Debug: Command took 0 seconds
    
    Stderr:
/Applications/Xcode.app/Contents/Developer/usr/bin/symbols -failIfMissingDsym -symbolsPackageDir /var/folders/c6/f8qlfv856gbfbssnc_n74ddh0000gn/T/ipatool20180621-17064-w16q5m/thinned/arm64/Payload/Scenarios.app /var/folders/c6/f8qlfv856gbfbssnc_n74ddh0000gn/T/ipatool20180621-17064-w16q5m/thinned/arm64/Payload/Scenarios.app/Scenarios
2018-06-21 22:02:52 +0000      /Applications/Xcode.app/Contents/Developer/usr/bin/symbols exited with pid 17166 exit 0
    Stdout:
        /var/folders/c6/f8qlfv856gbfbssnc_n74ddh0000gn/T/ipatool20180621-17064-w16q5m/thinned/arm64/Payload/Scenarios.app/Scenarios [arm64, 0.009815 seconds]:
    
    Stderr:
2018-06-21 22:02:52 +0000  /usr/bin/file -b -- /var/folders/c6/f8qlfv856gbfbssnc_n74ddh0000gn/T/ipatool20180621-17064-w16q5m/thinned/arm64/Payload/Scenarios.app/Scenarios.dSYM/Contents/Resources/DWARF/Scenarios
2018-06-21 22:02:52 +0000      /usr/bin/file exited with pid 17167 exit 0
    Stdout:
        Mach-O 64-bit dSYM companion file arm64
    
    Stderr:
2018-06-21 22:02:52 +0000  /Applications/Xcode.app/Contents/Developer/Toolchains/XcodeDefault.xctoolchain/usr/bin/lipo -info /var/folders/c6/f8qlfv856gbfbssnc_n74ddh0000gn/T/ipatool20180621-17064-w16q5m/thinned/arm64/Payload/Scenarios.app/Scenarios.dSYM/Contents/Resources/DWARF/Scenarios
2018-06-21 22:02:52 +0000      /Applications/Xcode.app/Contents/Developer/Toolchains/XcodeDefault.xctoolchain/usr/bin/lipo exited with pid 17168 exit 0
    Stdout:
        Non-fat file: /var/folders/c6/f8qlfv856gbfbssnc_n74ddh0000gn/T/ipatool20180621-17064-w16q5m/thinned/arm64/Payload/Scenarios.app/Scenarios.dSYM/Contents/Resources/DWARF/Scenarios is architecture: arm64
    
    Stderr:
2018-06-21 22:02:52 +0000  /Applications/Xcode.app/Contents/Developer/Toolchains/XcodeDefault.xctoolchain/usr/bin/otool -h -v -m -arch all /var/folders/c6/f8qlfv856gbfbssnc_n74ddh0000gn/T/ipatool20180621-17064-w16q5m/thinned/arm64/Payload/Scenarios.app/Scenarios.dSYM/Contents/Resources/DWARF/Scenarios
2018-06-21 22:02:52 +0000      /Applications/Xcode.app/Contents/Developer/Toolchains/XcodeDefault.xctoolchain/usr/bin/otool exited with pid 17169 exit 0
    Stdout:
        Mach header
              magic cputype cpusubtype  caps    filetype ncmds sizeofcmds      flags
        MH_MAGIC_64   ARM64        ALL  0x00        DSYM     7       3288 0x00000000
    
    Stderr:
2018-06-21 22:02:52 +0000  /Applications/Xcode.app/Contents/Developer/Toolchains/XcodeDefault.xctoolchain/usr/bin/otool -l -v -m -arch arm64 /var/folders/c6/f8qlfv856gbfbssnc_n74ddh0000gn/T/ipatool20180621-17064-w16q5m/thinned/arm64/Payload/Scenarios.app/Scenarios.dSYM/Contents/Resources/DWARF/Scenarios
2018-06-21 22:02:52 +0000      /Applications/Xcode.app/Contents/Developer/Toolchains/XcodeDefault.xctoolchain/usr/bin/otool exited with pid 17171 exit 0
    Stdout:
        /var/folders/c6/f8qlfv856gbfbssnc_n74ddh0000gn/T/ipatool20180621-17064-w16q5m/thinned/arm64/Payload/Scenarios.app/Scenarios.dSYM/Contents/Resources/DWARF/Scenarios:
        Mach header
              magic cputype cpusubtype  caps    filetype ncmds sizeofcmds      flags
        MH_MAGIC_64   ARM64        ALL  0x00        DSYM     7       3288 0x00000000
        Load command 0
             cmd LC_UUID
         cmdsize 24
            uuid C1A089CF-D69B-3F58-A368-724B0AA7A36A
        Load command 1
             cmd LC_SYMTAB
         cmdsize 24
          symoff 4096
           nsyms 364
          stroff 9920
         strsize 4895
        Load command 2
              cmd LC_SEGMENT_64
          cmdsize 72
          segname __PAGEZERO
           vmaddr 0x0000000000000000
           vmsize 0x0000000100000000
          fileoff 0
         filesize 0
          maxprot ---
         initprot ---
           nsects 0
            flags (none)
        Load command 3
              cmd LC_SEGMENT_64
          cmdsize 872
          segname __TEXT
           vmaddr 0x0000000100000000
           vmsize 0x0000000000018000
          fileoff 0
         filesize 0
          maxprot r-x
         initprot r-x
           nsects 10
            flags (none)
        Section
          sectname __text
           segname __TEXT
              addr 0x0000000100007ac4
              size 0x000000000000b2b4
            offset 0
             align 2^2 (4)
            reloff 0
            nreloc 0
              type S_REGULAR
        attributes PURE_INSTRUCTIONS SOME_INSTRUCTIONS
         reserved1 0
         reserved2 0
        Section
          sectname __stubs
           segname __TEXT
              addr 0x0000000100012d78
              size 0x0000000000000210
            offset 0
             align 2^1 (2)
            reloff 0
            nreloc 0
              type S_SYMBOL_STUBS
        attributes PURE_INSTRUCTIONS SOME_INSTRUCTIONS
         reserved1 0 (index into indirect symbol table)
         reserved2 12 (size of stubs)
        Section
          sectname __stub_helper
           segname __TEXT
              addr 0x0000000100012f88
              size 0x0000000000000228
            offset 0
             align 2^2 (4)
            reloff 0
            nreloc 0
              type S_REGULAR
        attributes PURE_INSTRUCTIONS SOME_INSTRUCTIONS
         reserved1 0
         reserved2 0
        Section
          sectname __cstring
           segname __TEXT
              addr 0x00000001000131b0
              size 0x0000000000000fc2
            offset 0
             align 2^4 (16)
            reloff 0
            nreloc 0
              type S_CSTRING_LITERALS
        attributes (none)
         reserved1 0
         reserved2 0
        Section
          sectname __objc_methname
           segname __TEXT
              addr 0x0000000100014172
              size 0x00000000000028d8
            offset 0
             align 2^0 (1)
            reloff 0
            nreloc 0
              type S_CSTRING_LITERALS
        attributes (none)
         reserved1 0
         reserved2 0
        Section
          sectname __objc_classname
           segname __TEXT
              addr 0x0000000100016a4a
              size 0x0000000000000164
            offset 0
             align 2^0 (1)
            reloff 0
            nreloc 0
              type S_CSTRING_LITERALS
        attributes (none)
         reserved1 0
         reserved2 0
        Section
          sectname __objc_methtype
           segname __TEXT
              addr 0x0000000100016bae
              size 0x0000000000000f5d
            offset 0
             align 2^0 (1)
            reloff 0
            nreloc 0
              type S_CSTRING_LITERALS
        attributes (none)
         reserved1 0
         reserved2 0
        Section
          sectname __const
           segname __TEXT
              addr 0x0000000100017b10
              size 0x0000000000000040
            offset 0
2018-06-21 22:02:52 +0000  
             align 2^3 (8)
            reloff 0
            nreloc 0
              type S_REGULAR
        attributes (none)
         reserved1 0
         reserved2 0
        Section
          sectname __gcc_except_tab
           segname __TEXT
              addr 0x0000000100017b50
              size 0x000000000000021c
            offset 0
             align 2^2 (4)
            reloff 0
            nreloc 0
              type S_REGULAR
        attributes (none)
         reserved1 0
         reserved2 0
        Section
          sectname __unwind_info
           segname __TEXT
              addr 0x0000000100017d6c
              size 0x0000000000000290
            offset 0
             align 2^2 (4)
            reloff 0
            nreloc 0
              type S_REGULAR
        attributes (none)
         reserved1 0
         reserved2 0
        Load command 4
              cmd LC_SEGMENT_64
          cmdsize 1352
          segname __DATA
           vmaddr 0x0000000100018000
           vmsize 0x0000000000008000
          fileoff 0
         filesize 0
          maxprot rw-
         initprot rw-
           nsects 16
            flags (none)
        Section
          sectname __got
           segname __DATA
              addr 0x0000000100018000
              size 0x0000000000000060
            offset 0
             align 2^3 (8)
            reloff 0
            nreloc 0
              type S_NON_LAZY_SYMBOL_POINTERS
        attributes (none)
         reserved1 44 (index into indirect symbol table)
         reserved2 0
        Section
          sectname __la_symbol_ptr
           segname __DATA
              addr 0x0000000100018060
              size 0x0000000000000160
            offset 0
             align 2^3 (8)
            reloff 0
            nreloc 0
              type S_LAZY_SYMBOL_POINTERS
        attributes (none)
         reserved1 56 (index into indirect symbol table)
         reserved2 0
        Section
          sectname __const
           segname __DATA
              addr 0x00000001000181c0
              size 0x00000000000002d0
            offset 0
             align 2^3 (8)
            reloff 0
            nreloc 0
              type S_REGULAR
        attributes (none)
         reserved1 0
         reserved2 0
        Section
          sectname __cfstring
           segname __DATA
              addr 0x0000000100018490
              size 0x0000000000000e00
            offset 0
             align 2^3 (8)
            reloff 0
            nreloc 0
              type S_REGULAR
        attributes (none)
         reserved1 0
         reserved2 0
        Section
          sectname __objc_classlist
           segname __DATA
              addr 0x0000000100019290
              size 0x0000000000000050
            offset 0
             align 2^3 (8)
            reloff 0
            nreloc 0
              type S_REGULAR
        attributes NO_DEAD_STRIP
         reserved1 0
         reserved2 0
        Section
          sectname __objc_catlist
           segname __DATA
              addr 0x00000001000192e0
              size 0x0000000000000010
            offset 0
             align 2^3 (8)
            reloff 0
            nreloc 0
              type S_REGULAR
        attributes NO_DEAD_STRIP
         reserved1 0
         reserved2 0
        Section
          sectname __objc_protolist
           segname __DATA
              addr 0x00000001000192f0
              size 0x0000000000000028
            offset 0
             align 2^3 (8)
            reloff 0
            nreloc 0
              type S_REGULAR
        attributes (none)
         reserved1 0
         reserved2 0
        Section
          sectname __objc_imageinfo
           segname __DATA
              addr 0x0000000100019318
              size 0x0000000000000008
            offset 0
             align 2^2 (4)
            reloff 0
            nreloc 0
              type S_REGULAR
        attributes (none)
         reserved1 0
         reserved2 0
        Section
          sectname __objc_const
           segname __DATA
              addr 0x0000000100019320
              si
2018-06-21 22:02:52 +0000  ze 0x0000000000003568
            offset 0
             align 2^3 (8)
            reloff 0
            nreloc 0
              type S_REGULAR
        attributes (none)
         reserved1 0
         reserved2 0
        Section
          sectname __objc_selrefs
           segname __DATA
              addr 0x000000010001c888
              size 0x00000000000007d8
            offset 0
             align 2^3 (8)
            reloff 0
            nreloc 0
              type S_LITERAL_POINTERS
        attributes NO_DEAD_STRIP
         reserved1 0
         reserved2 0
        Section
          sectname __objc_classrefs
           segname __DATA
              addr 0x000000010001d060
              size 0x0000000000000170
            offset 0
             align 2^3 (8)
            reloff 0
            nreloc 0
              type S_REGULAR
        attributes NO_DEAD_STRIP
         reserved1 0
         reserved2 0
        Section
          sectname __objc_superrefs
           segname __DATA
              addr 0x000000010001d1d0
              size 0x0000000000000038
            offset 0
             align 2^3 (8)
            reloff 0
            nreloc 0
              type S_REGULAR
        attributes NO_DEAD_STRIP
         reserved1 0
         reserved2 0
        Section
          sectname __objc_ivar
           segname __DATA
              addr 0x000000010001d208
              size 0x00000000000000b8
            offset 0
             align 2^2 (4)
            reloff 0
            nreloc 0
              type S_REGULAR
        attributes (none)
         reserved1 0
         reserved2 0
        Section
          sectname __objc_data
           segname __DATA
              addr 0x000000010001d2c0
              size 0x0000000000000320
            offset 0
             align 2^3 (8)
            reloff 0
            nreloc 0
              type S_REGULAR
        attributes (none)
         reserved1 0
         reserved2 0
        Section
          sectname __data
           segname __DATA
              addr 0x000000010001d5e0
              size 0x00000000000001e8
            offset 0
             align 2^3 (8)
            reloff 0
            nreloc 0
              type S_REGULAR
        attributes (none)
         reserved1 0
         reserved2 0
        Section
          sectname __common
           segname __DATA
              addr 0x000000010001d7c8
              size 0x00000000000000a8
            offset 0
             align 2^3 (8)
            reloff 0
            nreloc 0
              type S_ZEROFILL
        attributes (none)
         reserved1 0
         reserved2 0
        Load command 5
              cmd LC_SEGMENT_64
          cmdsize 72
          segname __LINKEDIT
           vmaddr 0x0000000100020000
           vmsize 0x0000000000003000
          fileoff 4096
         filesize 10719
          maxprot r--
         initprot r--
           nsects 0
            flags (none)
        Load command 6
              cmd LC_SEGMENT_64
          cmdsize 872
          segname __DWARF
           vmaddr 0x0000000100023000
           vmsize 0x0000000000008000
          fileoff 16384
         filesize 31536
          maxprot rwx
         initprot rw-
           nsects 10
            flags (none)
        Section
          sectname __debug_line
           segname __DWARF
              addr 0x0000000100023000
              size 0x0000000000002c1a
            offset 16384
             align 2^0 (1)
            reloff 0
            nreloc 0
              type S_REGULAR
        attributes (none)
         reserved1 0
         reserved2 0
        Section
          sectname __debug_pubnames
           segname __DWARF
              addr 0x0000000100025c1a
              size 0x0000000000001217
            offset 27674
             align 2^0 (1)
            reloff 0
            nreloc 0
              type S_REGULAR
        attributes (none)
         reserved1 0
         reserved2 0
        Section
          sectname __debug_aranges
           segname __DWARF
              addr 0x0000000100026e31
              size 0x0000000000000270
            offset 32305
  
2018-06-21 22:02:52 +0000             align 2^0 (1)
            reloff 0
            nreloc 0
              type S_REGULAR
        attributes (none)
         reserved1 0
         reserved2 0
        Section
          sectname __debug_info
           segname __DWARF
              addr 0x00000001000270a1
              size 0x00000000000012ce
            offset 32929
             align 2^0 (1)
            reloff 0
            nreloc 0
              type S_REGULAR
        attributes (none)
         reserved1 0
         reserved2 0
        Section
          sectname __debug_abbrev
           segname __DWARF
              addr 0x000000010002836f
              size 0x0000000000000046
            offset 37743
             align 2^0 (1)
            reloff 0
            nreloc 0
              type S_REGULAR
        attributes (none)
         reserved1 0
         reserved2 0
        Section
          sectname __debug_str
           segname __DWARF
              addr 0x00000001000283b5
              size 0x0000000000000df3
            offset 37813
             align 2^0 (1)
            reloff 0
            nreloc 0
              type S_REGULAR
        attributes (none)
         reserved1 0
         reserved2 0
        Section
          sectname __apple_names
           segname __DWARF
              addr 0x00000001000291a8
              size 0x0000000000001910
            offset 41384
             align 2^0 (1)
            reloff 0
            nreloc 0
              type S_REGULAR
        attributes (none)
         reserved1 0
         reserved2 0
        Section
          sectname __apple_namespac
           segname __DWARF
              addr 0x000000010002aab8
              size 0x0000000000000024
            offset 47800
             align 2^0 (1)
            reloff 0
            nreloc 0
              type S_REGULAR
        attributes (none)
         reserved1 0
         reserved2 0
        Section
          sectname __apple_types
           segname __DWARF
              addr 0x000000010002aadc
              size 0x0000000000000030
            offset 47836
             align 2^0 (1)
            reloff 0
            nreloc 0
              type S_REGULAR
        attributes (none)
         reserved1 0
         reserved2 0
        Section
          sectname __apple_objc
           segname __DWARF
              addr 0x000000010002ab0c
              size 0x0000000000000024
            offset 47884
             align 2^0 (1)
            reloff 0
            nreloc 0
              type S_REGULAR
        attributes (none)
         reserved1 0
         reserved2 0
    
    Stderr:
2018-06-21 22:02:52 +0000  Creating universal IPA contents for all devices
  Creating directory /var/folders/c6/f8qlfv856gbfbssnc_n74ddh0000gn/T/IDEIPAProcessor.AppThinning.xle/universal
  Copying Scenarios.app output payload directory
2018-06-21 22:02:52 +0000  /System/Library/Frameworks/Ruby.framework/Versions/2.3/usr/lib/ruby/gems/2.3.0/gems/CFPropertyList-2.2.8/lib/cfpropertylist/rbCFPropertyList.rb:363: warning: File.exists? is a deprecated name, use File.exist? instead
2018-06-21 22:02:52 +0000    Copying .dSYM files to /var/folders/c6/f8qlfv856gbfbssnc_n74ddh0000gn/T/IDEIPAProcessor.AppThinning.xle/universal/dSYMs
  Copying .symbols files to /var/folders/c6/f8qlfv856gbfbssnc_n74ddh0000gn/T/IDEIPAProcessor.AppThinning.xle/universal/Symbols
2018-06-21 22:02:52 +0000  2018-06-21 22:02:52 +0000  

2018-06-21 22:02:52 +0000  /Applications/Xcode.app/Contents/Developer/usr/bin/ipatool exited with 0
2018-06-21 22:02:52 +0000  
2018-06-21 22:02:52 +0000  
2018-06-21 22:02:52 +0000  ipatool JSON: {
    alerts =     (
                {
            code = 2887;
            description = "Configuration issue: platform AppleTVSimulator.platform doesn't have any non-simulator SDKs; ignoring it";
            info =             {
            };
            level = WARN;
        },
                {
            code = 2887;
            description = "Configuration issue: platform WatchSimulator.platform doesn't have any non-simulator SDKs; ignoring it";
            info =             {
            };
            level = WARN;
        },
                {
            code = 2887;
            description = "Configuration issue: platform iPhoneSimulator.platform doesn't have any non-simulator SDKs; ignoring it";
            info =             {
            };
            level = WARN;
        }
    );
    thinnableAssetCatalogs =     (
        "/var/folders/c6/f8qlfv856gbfbssnc_n74ddh0000gn/T/XcodeDistPipeline.jPw/Root/Payload/Scenarios.app/Assets.car"
    );
    universalIPA =     {
        path = "/var/folders/c6/f8qlfv856gbfbssnc_n74ddh0000gn/T/IDEIPAProcessor.AppThinning.xle/universal";
    };
}
2018-06-21 22:02:52 +0000  Processing step: IDEDistributionCodeSlimmingStep
2018-06-21 22:02:52 +0000  Processing step: IDEDistributionCopyBCSymbolMapsStep
2018-06-21 22:02:52 +0000  Processing step: IDEDistributionSymbolsStep
2018-06-21 22:02:52 +0000  Skipping step: IDEDistributionSymbolsStep because it said so
2018-06-21 22:02:52 +0000  Processing step: IDEDistributionAppThinningStep
2018-06-21 22:02:52 +0000  Skipping step: IDEDistributionAppThinningStep because it said so
2018-06-21 22:02:52 +0000  Processing step: IDEDistributionODRStep
2018-06-21 22:02:52 +0000  Processing step: IDEDistributionStripXattrsStep
2018-06-21 22:02:52 +0000  Running /usr/bin/xattr '-crs' '/var/folders/c6/f8qlfv856gbfbssnc_n74ddh0000gn/T/XcodeDistPipeline.jPw/Root/Payload/Scenarios.app'
2018-06-21 22:02:52 +0000  2018-06-21 22:02:52 +0000  

2018-06-21 22:02:52 +0000  /usr/bin/xattr exited with 0
2018-06-21 22:02:52 +0000  
2018-06-21 22:02:52 +0000  Processing step: IDEDistributionCodesignStep
2018-06-21 22:02:52 +0000  Entitlements for <IDEDistributionItem: 0x7fb9b8651870 'gov.eop.oa.Scenarios' '<DVTFilePath:0x7fb9b6d542d0:'/Users/adamburstein/Library/Developer/Xcode/Archives/2018-06-21/Scenarios 6-21-18, 6.02 PM.xcarchive/Products/Applications/Scenarios.app'>'>: {
    "application-identifier" = "P454TBZRS4.gov.eop.oa.Scenarios";
    "aps-environment" = production;
    "com.apple.developer.team-identifier" = P454TBZRS4;
    "get-task-allow" = 0;
}
2018-06-21 22:02:52 +0000  Writing entitlements for <IDEDistributionItem: 0x7fb9b8651870 'gov.eop.oa.Scenarios' '<DVTFilePath:0x7fb9b6d542d0:'/Users/adamburstein/Library/Developer/Xcode/Archives/2018-06-21/Scenarios 6-21-18, 6.02 PM.xcarchive/Products/Applications/Scenarios.app'>'> to: /var/folders/c6/f8qlfv856gbfbssnc_n74ddh0000gn/T/XcodeDistPipeline.jPw/entitlementsqdyoPT
2018-06-21 22:02:52 +0000  Running /usr/bin/codesign '-vvv' '--force' '--sign' '7460EC80BFC0255BA35BC7F5BEC284690F1014EF' '--preserve-metadata=identifier,flags' '--entitlements' '/var/folders/c6/f8qlfv856gbfbssnc_n74ddh0000gn/T/XcodeDistPipeline.jPw/entitlementsqdyoPT' '/var/folders/c6/f8qlfv856gbfbssnc_n74ddh0000gn/T/XcodeDistPipeline.jPw/Root/Payload/Scenarios.app'
2018-06-21 22:02:56 +0000  /var/folders/c6/f8qlfv856gbfbssnc_n74ddh0000gn/T/XcodeDistPipeline.jPw/Root/Payload/Scenarios.app: signed app bundle with Mach-O thin (arm64) [gov.eop.oa.Scenarios]
2018-06-21 22:02:56 +0000  
2018-06-21 22:02:56 +0000  
2018-06-21 22:02:56 +0000  /usr/bin/codesign exited with 0
2018-06-21 22:02:56 +0000  
2018-06-21 22:02:56 +0000  Processing step: IDEDistributionStreamingZipItemStep
2018-06-21 22:02:56 +0000  Skipping step: IDEDistributionStreamingZipItemStep because it said so
2018-06-21 22:02:56 +0000  Processing step: IDEDistributionCreateIPAStep
2018-06-21 22:02:56 +0000  Running /usr/bin/ditto '-V' '-c' '-k' '--norsrc' '/var/folders/c6/f8qlfv856gbfbssnc_n74ddh0000gn/T/XcodeDistPipeline.jPw/Root' '/var/folders/c6/f8qlfv856gbfbssnc_n74ddh0000gn/T/XcodeDistPipeline.jPw/Packages/Scenarios.ipa'
2018-06-21 22:02:56 +0000  >>> Copying /var/folders/c6/f8qlfv856gbfbssnc_n74ddh0000gn/T/XcodeDistPipeline.jPw/Root 
2018-06-21 22:02:56 +0000  
2018-06-21 22:02:56 +0000  copying file ./Payload/Scenarios.app/_CodeSignature/CodeResources ... 
2018-06-21 22:02:56 +0000  13539 bytes for ./Payload/Scenarios.app/_CodeSignature/CodeResources
2018-06-21 22:02:56 +0000  copying file ./Payload/Scenarios.app/WHMO AppIcon-04 GRAY 2x.png ... 
2018-06-21 22:02:56 +0000  12037 bytes for ./Payload/Scenarios.app/WHMO AppIcon-04 GRAY 2x.png
copying file ./Payload/Scenarios.app/PPRLogo_BlackGlobe.png ... 
2018-06-21 22:02:56 +0000  72604 bytes for ./Payload/Scenarios.app/PPRLogo_BlackGlobe.png
2018-06-21 22:02:56 +0000  copying file ./Payload/Scenarios.app/WHMO AppIcon Notification 58x58.png ... 
2018-06-21 22:02:56 +0000  6565 bytes for ./Payload/Scenarios.app/WHMO AppIcon Notification 58x58.png
copying file ./Payload/Scenarios.app/WHMO AppIcon-12 BLUEMONO 2x.png ... 
2018-06-21 22:02:56 +0000  5527 bytes for ./Payload/Scenarios.app/WHMO AppIcon-12 BLUEMONO 2x.png
copying file ./Payload/Scenarios.app/WHMO AppLaunch-05 BLUE 2x.png ... 
2018-06-21 22:02:56 +0000  94247 bytes for ./Payload/Scenarios.app/WHMO AppLaunch-05 BLUE 2x.png
copying file ./Payload/Scenarios.app/WHMO AppLaunch-01 GRAY 2x.png ... 
2018-06-21 22:02:56 +0000  97728 bytes for ./Payload/Scenarios.app/WHMO AppLaunch-01 GRAY 2x.png
copying file ./Payload/Scenarios.app/PPR_1242x2208_GrayBG_AppLaunch.png ... 
2018-06-21 22:02:56 +0000  38937 bytes for ./Payload/Scenarios.app/PPR_1242x2208_GrayBG_AppLaunch.png
2018-06-21 22:02:56 +0000  copying file ./Payload/Scenarios.app/AppIcon60x60@2x.png ... 
2018-06-21 22:02:56 +0000  19111 bytes for ./Payload/Scenarios.app/AppIcon60x60@2x.png
2018-06-21 22:02:56 +0000  copying file ./Payload/Scenarios.app/WHMO AppIcon-08 BLUE 2x Spotlight.png ... 
2018-06-21 22:02:56 +0000  10461 bytes for ./Payload/Scenarios.app/WHMO AppIcon-08 BLUE 2x Spotlight.png
copying file ./Payload/Scenarios.app/WHMO AppLaunch-06 BLUE 3x.png ... 
2018-06-21 22:02:56 +0000  189295 bytes for ./Payload/Scenarios.app/WHMO AppLaunch-06 BLUE 3x.png
2018-06-21 22:02:56 +0000  copying file ./Payload/Scenarios.app/WHMO AppLaunch-02 GRAY 3x.png ... 
2018-06-21 22:02:56 +0000  195031 bytes for ./Payload/Scenarios.app/WHMO AppLaunch-02 GRAY 3x.png
2018-06-21 22:02:56 +0000  copying file ./Payload/Scenarios.app/Base.lproj/Main.storyboardc/UINavigationController-Kk9-Um-M4D.nib ... 
1763 bytes for ./Payload/Scenarios.app/Base.lproj/Main.storyboardc/UINavigationController-Kk9-Um-M4D.nib
copying file ./Payload/Scenarios.app/Base.lproj/Main.storyboardc/BYZ-38-t0r-view-8bC-Xf-vdC.nib ... 
2018-06-21 22:02:56 +0000  1217 bytes for ./Payload/Scenarios.app/Base.lproj/Main.storyboardc/BYZ-38-t0r-view-8bC-Xf-vdC.nib
copying file ./Payload/Scenarios.app/Base.lproj/Main.storyboardc/Info.plist ... 
276 bytes for ./Payload/Scenarios.app/Base.lproj/Main.storyboardc/Info.plist
2018-06-21 22:02:56 +0000  copying file ./Payload/Scenarios.app/Base.lproj/LaunchScreen.storyboardc/01J-lp-oVM-view-Ze5-6b-2t3.nib ... 
2018-06-21 22:02:56 +0000  1136 bytes for ./Payload/Scenarios.app/Base.lproj/LaunchScreen.storyboardc/01J-lp-oVM-view-Ze5-6b-2t3.nib
copying file ./Payload/Scenarios.app/Base.lproj/LaunchScreen.storyboardc/UIViewController-01J-lp-oVM.nib ... 
2018-06-21 22:02:56 +0000  832 bytes for ./Payload/Scenarios.app/Base.lproj/LaunchScreen.storyboardc/UIViewController-01J-lp-oVM.nib
copying file ./Payload/Scenarios.app/Base.lproj/LaunchScreen.storyboardc/Info.plist ... 
258 bytes for ./Payload/Scenarios.app/Base.lproj/LaunchScreen.storyboardc/Info.plist
2018-06-21 22:02:56 +0000  copying file ./Payload/Scenarios.app/scenarioData.xml ... 
2018-06-21 22:02:56 +0000  13048 bytes for ./Payload/Scenarios.app/scenarioData.xml
2018-06-21 22:02:56 +0000  copying file ./Payload/Scenarios.app/WHMO AppLaunchIcon 1024.png ... 
2018-06-21 22:02:56 +0000  176786 bytes for ./Payload/Scenarios.app/WHMO AppLaunchIcon 1024.png
copying file ./Payload/Scenarios.app/linkIcon.png ... 
2018-06-21 22:02:56 +0000  504 bytes for ./Payload/Scenarios.app/linkIcon.png
copying file ./Payload/Scenarios.app/Assets.car ... 
2018-06-21 22:02:56 +0000  288456 bytes for ./Payload/Scenarios.app/Assets.car
copying file ./Payload/Scenarios.app/WHMO AppIcon-08 BLUE 2x.png ... 
2018-06-21 22:02:56 +0000  10461 bytes for ./Payload/Scenarios.app/WHMO AppIcon-08 BLUE 2x.png
2018-06-21 22:02:56 +0000  copying file ./Payload/Scenarios.app/WHMO AppIcon-07 BLUE 87x87.png ... 
2018-06-21 22:02:56 +0000  12573 bytes for ./Payload/Scenarios.app/WHMO AppIcon-07 BLUE 87x87.png
copying file ./Payload/Scenarios.app/WHMO AppIcon-11 BLUEMONO 3x.png ... 
2018-06-21 22:02:56 +0000  9437 bytes for ./Payload/Scenarios.app/WHMO AppIcon-11 BLUEMONO 3x.png
copying file ./Payload/Scenarios.app/Scenarios ... 
2018-06-21 22:02:56 +0000  152272 bytes for ./Payload/Scenarios.app/Scenarios
copying file ./Payload/Scenarios.app/PPR_750x1334_GrayBG_AppLaunch.png ... 
2018-06-21 22:02:56 +0000  21417 bytes for ./Payload/Scenarios.app/PPR_750x1334_GrayBG_AppLaunch.png
copying file ./Payload/Scenarios.app/WHMO AppIcon-03 GRAY 3x.png ... 
2018-06-21 22:02:56 +0000  20713 bytes for ./Payload/Scenarios.app/WHMO AppIcon-03 GRAY 3x.png
copying file ./Payload/Scenarios.app/WHMO AppIcon-07 BLUE 3x.png ... 
2018-06-21 22:02:56 +0000  34416 bytes for ./Payload/Scenarios.app/WHMO AppIcon-07 BLUE 3x.png
2018-06-21 22:02:56 +0000  copying file ./Payload/Scenarios.app/WHMO AppIcon Notification 3x.png ... 
2018-06-21 22:02:56 +0000  6558 bytes for ./Payload/Scenarios.app/WHMO AppIcon Notification 3x.png
copying file ./Payload/Scenarios.app/fileIcon.png ... 
446 bytes for ./Payload/Scenarios.app/fileIcon.png
copying file ./Payload/Scenarios.app/embedded.mobileprovision ... 
2018-06-21 22:02:56 +0000  7738 bytes for ./Payload/Scenarios.app/embedded.mobileprovision
2018-06-21 22:02:56 +0000  copying file ./Payload/Scenarios.app/WHMO AppLaunch-09 BLUEMONO 2x.png ... 
2018-06-21 22:02:56 +0000  48285 bytes for ./Payload/Scenarios.app/WHMO AppLaunch-09 BLUEMONO 2x.png
copying file ./Payload/Scenarios.app/WHMO AppIcon Notification 2x.png ... 
2018-06-21 22:02:56 +0000  3437 bytes for ./Payload/Scenarios.app/WHMO AppIcon Notification 2x.png
copying file ./Payload/Scenarios.app/SettingsViewController.nib ... 
2018-06-21 22:02:56 +0000  4475 bytes for ./Payload/Scenarios.app/SettingsViewController.nib
copying file ./Payload/Scenarios.app/WHMO AppLaunch-10 BLUEMONO 3x.png ... 
2018-06-21 22:02:56 +0000  96442 bytes for ./Payload/Scenarios.app/WHMO AppLaunch-10 BLUEMONO 3x.png
copying file ./Payload/Scenarios.app/Info.plist ... 
2018-06-21 22:02:56 +0000  2713 bytes for ./Payload/Scenarios.app/Info.plist
copying file ./Payload/Scenarios.app/MapViewController.nib ... 
2018-06-21 22:02:56 +0000  1695 bytes for ./Payload/Scenarios.app/MapViewController.nib
copying file ./Payload/Scenarios.app/PkgInfo ... 
8 bytes for ./Payload/Scenarios.app/PkgInfo
2018-06-21 22:02:56 +0000  
2018-06-21 22:02:56 +0000  2018-06-21 22:02:56 +0000  /usr/bin/ditto exited with 0

2018-06-21 22:02:56 +0000  2018-06-21 22:02:56 +0000  

2018-06-21 22:02:56 +0000  Processing step: IDEDistributionCreateManifestStep
